#
# A fatal error has been detected by the Java Runtime Environment:
#
#  Internal Error (./open/src/hotspot/share/interpreter/oopMapCache.cpp:111), pid=4664, tid=10040
#  Error: ShouldNotReachHere()
#
# JRE version: OpenJDK Runtime Environment (14.0.2+12) (build 14.0.2+12-46)
# Java VM: OpenJDK 64-Bit Server VM (14.0.2+12-46, mixed mode, tiered, compressed oops, g1 gc, windows-amd64)
# No core dump will be written. Minidumps are not enabled by default on client versions of Windows
#
# If you would like to submit a bug report, please visit:
#   https://bugreport.java.com/bugreport/crash.jsp
#

---------------  S U M M A R Y ------------

Command Line: -XX:+ShowCodeDetailsInExceptionMessages -agentlib:jdwp=transport=dt_socket,suspend=y,address=localhost:53536 -javaagent:D:\PROGRAMAS INSTALADOS\jee-2020-092\eclipse\configuration\org.eclipse.osgi\406\0\.cp\lib\javaagent-shaded.jar -Dfile.encoding=Cp1252 --module-path=D:\PROGRAMAS INSTALADOS\jee-2020-092\Ejercicios\bin -Djdk.module.main=Ejercicios Ejercicios/com.ipartek.ejercicios.Excepciones.Ejercicio4ArrayList

Host: Intel(R) Core(TM) i7-6700HQ CPU @ 2.60GHz, 8 cores, 15G,  Windows 10 , 64 bit Build 18362 (10.0.18362.1110)
Time: Tue Oct 20 09:05:08 2020 Hora de verano romance elapsed time: 681 seconds (0d 0h 11m 21s)

---------------  T H R E A D  ---------------

Current thread (0x00000166a894d000):  JavaThread "JDWP Transport Listener: dt_socket" daemon [_thread_in_vm, id=10040, stack(0x0000003b1b600000,0x0000003b1b700000)] _threads_hazard_ptr=0x00000166a8ac3aa0

Stack: [0x0000003b1b600000,0x0000003b1b700000]
Native frames: (J=compiled Java code, j=interpreted, Vv=VM code, C=native code)
V  [jvm.dll+0x5f8a9a]
V  [jvm.dll+0x74247a]
V  [jvm.dll+0x743c2f]
V  [jvm.dll+0x744227]
V  [jvm.dll+0x20d20c]
V  [jvm.dll+0x20d173]
V  [jvm.dll+0x5e7b7f]
V  [jvm.dll+0x5e78dd]
V  [jvm.dll+0x5af8e3]
V  [jvm.dll+0x739aef]
V  [jvm.dll+0x4bee61]
V  [jvm.dll+0x74908b]
V  [jvm.dll+0x4a54ee]
V  [jvm.dll+0x46ee7b]
C  [jdwp.dll+0x7bbc]


---------------  P R O C E S S  ---------------

Threads class SMR info:
_java_thread_list=0x00000166a8ac3aa0, length=14, elements={
0x0000016688a75000, 0x00000166a8628800, 0x00000166a8629800, 0x00000166a864f000,
0x00000166a8653000, 0x00000166a8656800, 0x00000166a866d800, 0x00000166a866f000,
0x00000166a86db000, 0x00000166a86d5000, 0x00000166a894d000, 0x00000166a8a90000,
0x00000166a8a7b800, 0x00000166a86d9000
}

Java Threads: ( => current thread )
  0x0000016688a75000 JavaThread "main" [_thread_blocked, id=8576, stack(0x0000003b1a600000,0x0000003b1a700000)]
  0x00000166a8628800 JavaThread "Reference Handler" daemon [_thread_blocked, id=3648, stack(0x0000003b1ad00000,0x0000003b1ae00000)]
  0x00000166a8629800 JavaThread "Finalizer" daemon [_thread_blocked, id=2272, stack(0x0000003b1ae00000,0x0000003b1af00000)]
  0x00000166a864f000 JavaThread "Signal Dispatcher" daemon [_thread_blocked, id=19516, stack(0x0000003b1af00000,0x0000003b1b000000)]
  0x00000166a8653000 JavaThread "Attach Listener" daemon [_thread_blocked, id=1644, stack(0x0000003b1b000000,0x0000003b1b100000)]
  0x00000166a8656800 JavaThread "Service Thread" daemon [_thread_blocked, id=9820, stack(0x0000003b1b100000,0x0000003b1b200000)]
  0x00000166a866d800 JavaThread "C2 CompilerThread0" daemon [_thread_blocked, id=9876, stack(0x0000003b1b200000,0x0000003b1b300000)]
  0x00000166a866f000 JavaThread "C1 CompilerThread0" daemon [_thread_blocked, id=19772, stack(0x0000003b1b300000,0x0000003b1b400000)]
  0x00000166a86db000 JavaThread "Sweeper thread" daemon [_thread_blocked, id=14872, stack(0x0000003b1b400000,0x0000003b1b500000)]
  0x00000166a86d5000 JavaThread "Common-Cleaner" daemon [_thread_blocked, id=19196, stack(0x0000003b1b500000,0x0000003b1b600000)]
=>0x00000166a894d000 JavaThread "JDWP Transport Listener: dt_socket" daemon [_thread_in_vm, id=10040, stack(0x0000003b1b600000,0x0000003b1b700000)] _threads_hazard_ptr=0x00000166a8ac3aa0
  0x00000166a8a90000 JavaThread "JDWP Event Helper Thread" daemon [_thread_blocked, id=4640, stack(0x0000003b1b700000,0x0000003b1b800000)]
  0x00000166a8a7b800 JavaThread "JDWP Command Reader" daemon [_thread_in_native, id=18860, stack(0x0000003b1b800000,0x0000003b1b900000)]
  0x00000166a86d9000 JavaThread "Notification Thread" daemon [_thread_blocked, id=11480, stack(0x0000003b1b900000,0x0000003b1ba00000)]

Other Threads:
  0x00000166a7d4d000 VMThread "VM Thread" [stack: 0x0000003b1ac00000,0x0000003b1ad00000] [id=1928]
  0x00000166a8b89800 WatcherThread [stack: 0x0000003b1ba00000,0x0000003b1bb00000] [id=9436]
  0x0000016688adc800 GCTaskThread "GC Thread#0" [stack: 0x0000003b1a700000,0x0000003b1a800000] [id=18924]
  0x0000016688aff800 ConcurrentGCThread "G1 Main Marker" [stack: 0x0000003b1a800000,0x0000003b1a900000] [id=9264]
  0x0000016688b01000 ConcurrentGCThread "G1 Conc#0" [stack: 0x0000003b1a900000,0x0000003b1aa00000] [id=7696]
  0x00000166a7c2d800 ConcurrentGCThread "G1 Refine#0" [stack: 0x0000003b1aa00000,0x0000003b1ab00000] [id=15944]
  0x00000166a7c2f800 ConcurrentGCThread "G1 Young RemSet Sampling" [stack: 0x0000003b1ab00000,0x0000003b1ac00000] [id=11756]

Threads with active compile tasks:

VM state:not at safepoint (normal execution)

VM Mutex/Monitor currently owned by a thread: None

Heap address: 0x0000000701600000, size: 4074 MB, Compressed Oops mode: Zero based, Oop shift amount: 3
Narrow klass base: 0x0000000800000000, Narrow klass shift: 0
Compressed class space size: 1073741824 Address: 0x0000000800000000

Heap:
 garbage-first heap   total 262144K, used 6144K [0x0000000701600000, 0x0000000800000000)
  region size 1024K, 7 young (7168K), 0 survivors (0K)
 Metaspace       used 10444K, capacity 10669K, committed 10752K, reserved 1058816K
  class space    used 951K, capacity 998K, committed 1024K, reserved 1048576K
Heap Regions: E=young(eden), S=young(survivor), O=old, HS=humongous(starts), HC=humongous(continues), CS=collection set, F=free, OA=open archive, CA=closed archive, TAMS=top-at-mark-start (previous, next)
|   0|0x0000000701600000, 0x0000000701600000, 0x0000000701700000|  0%| F|  |TAMS 0x0000000701600000, 0x0000000701600000| Untracked 
|   1|0x0000000701700000, 0x0000000701700000, 0x0000000701800000|  0%| F|  |TAMS 0x0000000701700000, 0x0000000701700000| Untracked 
|   2|0x0000000701800000, 0x0000000701800000, 0x0000000701900000|  0%| F|  |TAMS 0x0000000701800000, 0x0000000701800000| Untracked 
|   3|0x0000000701900000, 0x0000000701900000, 0x0000000701a00000|  0%| F|  |TAMS 0x0000000701900000, 0x0000000701900000| Untracked 
|   4|0x0000000701a00000, 0x0000000701a00000, 0x0000000701b00000|  0%| F|  |TAMS 0x0000000701a00000, 0x0000000701a00000| Untracked 
|   5|0x0000000701b00000, 0x0000000701b00000, 0x0000000701c00000|  0%| F|  |TAMS 0x0000000701b00000, 0x0000000701b00000| Untracked 
|   6|0x0000000701c00000, 0x0000000701c00000, 0x0000000701d00000|  0%| F|  |TAMS 0x0000000701c00000, 0x0000000701c00000| Untracked 
|   7|0x0000000701d00000, 0x0000000701d00000, 0x0000000701e00000|  0%| F|  |TAMS 0x0000000701d00000, 0x0000000701d00000| Untracked 
|   8|0x0000000701e00000, 0x0000000701e00000, 0x0000000701f00000|  0%| F|  |TAMS 0x0000000701e00000, 0x0000000701e00000| Untracked 
|   9|0x0000000701f00000, 0x0000000701f00000, 0x0000000702000000|  0%| F|  |TAMS 0x0000000701f00000, 0x0000000701f00000| Untracked 
|  10|0x0000000702000000, 0x0000000702000000, 0x0000000702100000|  0%| F|  |TAMS 0x0000000702000000, 0x0000000702000000| Untracked 
|  11|0x0000000702100000, 0x0000000702100000, 0x0000000702200000|  0%| F|  |TAMS 0x0000000702100000, 0x0000000702100000| Untracked 
|  12|0x0000000702200000, 0x0000000702200000, 0x0000000702300000|  0%| F|  |TAMS 0x0000000702200000, 0x0000000702200000| Untracked 
|  13|0x0000000702300000, 0x0000000702300000, 0x0000000702400000|  0%| F|  |TAMS 0x0000000702300000, 0x0000000702300000| Untracked 
|  14|0x0000000702400000, 0x0000000702400000, 0x0000000702500000|  0%| F|  |TAMS 0x0000000702400000, 0x0000000702400000| Untracked 
|  15|0x0000000702500000, 0x0000000702500000, 0x0000000702600000|  0%| F|  |TAMS 0x0000000702500000, 0x0000000702500000| Untracked 
|  16|0x0000000702600000, 0x0000000702600000, 0x0000000702700000|  0%| F|  |TAMS 0x0000000702600000, 0x0000000702600000| Untracked 
|  17|0x0000000702700000, 0x0000000702700000, 0x0000000702800000|  0%| F|  |TAMS 0x0000000702700000, 0x0000000702700000| Untracked 
|  18|0x0000000702800000, 0x0000000702800000, 0x0000000702900000|  0%| F|  |TAMS 0x0000000702800000, 0x0000000702800000| Untracked 
|  19|0x0000000702900000, 0x0000000702900000, 0x0000000702a00000|  0%| F|  |TAMS 0x0000000702900000, 0x0000000702900000| Untracked 
|  20|0x0000000702a00000, 0x0000000702a00000, 0x0000000702b00000|  0%| F|  |TAMS 0x0000000702a00000, 0x0000000702a00000| Untracked 
|  21|0x0000000702b00000, 0x0000000702b00000, 0x0000000702c00000|  0%| F|  |TAMS 0x0000000702b00000, 0x0000000702b00000| Untracked 
|  22|0x0000000702c00000, 0x0000000702c00000, 0x0000000702d00000|  0%| F|  |TAMS 0x0000000702c00000, 0x0000000702c00000| Untracked 
|  23|0x0000000702d00000, 0x0000000702d00000, 0x0000000702e00000|  0%| F|  |TAMS 0x0000000702d00000, 0x0000000702d00000| Untracked 
|  24|0x0000000702e00000, 0x0000000702e00000, 0x0000000702f00000|  0%| F|  |TAMS 0x0000000702e00000, 0x0000000702e00000| Untracked 
|  25|0x0000000702f00000, 0x0000000702f00000, 0x0000000703000000|  0%| F|  |TAMS 0x0000000702f00000, 0x0000000702f00000| Untracked 
|  26|0x0000000703000000, 0x0000000703000000, 0x0000000703100000|  0%| F|  |TAMS 0x0000000703000000, 0x0000000703000000| Untracked 
|  27|0x0000000703100000, 0x0000000703100000, 0x0000000703200000|  0%| F|  |TAMS 0x0000000703100000, 0x0000000703100000| Untracked 
|  28|0x0000000703200000, 0x0000000703200000, 0x0000000703300000|  0%| F|  |TAMS 0x0000000703200000, 0x0000000703200000| Untracked 
|  29|0x0000000703300000, 0x0000000703300000, 0x0000000703400000|  0%| F|  |TAMS 0x0000000703300000, 0x0000000703300000| Untracked 
|  30|0x0000000703400000, 0x0000000703400000, 0x0000000703500000|  0%| F|  |TAMS 0x0000000703400000, 0x0000000703400000| Untracked 
|  31|0x0000000703500000, 0x0000000703500000, 0x0000000703600000|  0%| F|  |TAMS 0x0000000703500000, 0x0000000703500000| Untracked 
|  32|0x0000000703600000, 0x0000000703600000, 0x0000000703700000|  0%| F|  |TAMS 0x0000000703600000, 0x0000000703600000| Untracked 
|  33|0x0000000703700000, 0x0000000703700000, 0x0000000703800000|  0%| F|  |TAMS 0x0000000703700000, 0x0000000703700000| Untracked 
|  34|0x0000000703800000, 0x0000000703800000, 0x0000000703900000|  0%| F|  |TAMS 0x0000000703800000, 0x0000000703800000| Untracked 
|  35|0x0000000703900000, 0x0000000703900000, 0x0000000703a00000|  0%| F|  |TAMS 0x0000000703900000, 0x0000000703900000| Untracked 
|  36|0x0000000703a00000, 0x0000000703a00000, 0x0000000703b00000|  0%| F|  |TAMS 0x0000000703a00000, 0x0000000703a00000| Untracked 
|  37|0x0000000703b00000, 0x0000000703b00000, 0x0000000703c00000|  0%| F|  |TAMS 0x0000000703b00000, 0x0000000703b00000| Untracked 
|  38|0x0000000703c00000, 0x0000000703c00000, 0x0000000703d00000|  0%| F|  |TAMS 0x0000000703c00000, 0x0000000703c00000| Untracked 
|  39|0x0000000703d00000, 0x0000000703d00000, 0x0000000703e00000|  0%| F|  |TAMS 0x0000000703d00000, 0x0000000703d00000| Untracked 
|  40|0x0000000703e00000, 0x0000000703e00000, 0x0000000703f00000|  0%| F|  |TAMS 0x0000000703e00000, 0x0000000703e00000| Untracked 
|  41|0x0000000703f00000, 0x0000000703f00000, 0x0000000704000000|  0%| F|  |TAMS 0x0000000703f00000, 0x0000000703f00000| Untracked 
|  42|0x0000000704000000, 0x0000000704000000, 0x0000000704100000|  0%| F|  |TAMS 0x0000000704000000, 0x0000000704000000| Untracked 
|  43|0x0000000704100000, 0x0000000704100000, 0x0000000704200000|  0%| F|  |TAMS 0x0000000704100000, 0x0000000704100000| Untracked 
|  44|0x0000000704200000, 0x0000000704200000, 0x0000000704300000|  0%| F|  |TAMS 0x0000000704200000, 0x0000000704200000| Untracked 
|  45|0x0000000704300000, 0x0000000704300000, 0x0000000704400000|  0%| F|  |TAMS 0x0000000704300000, 0x0000000704300000| Untracked 
|  46|0x0000000704400000, 0x0000000704400000, 0x0000000704500000|  0%| F|  |TAMS 0x0000000704400000, 0x0000000704400000| Untracked 
|  47|0x0000000704500000, 0x0000000704500000, 0x0000000704600000|  0%| F|  |TAMS 0x0000000704500000, 0x0000000704500000| Untracked 
|  48|0x0000000704600000, 0x0000000704600000, 0x0000000704700000|  0%| F|  |TAMS 0x0000000704600000, 0x0000000704600000| Untracked 
|  49|0x0000000704700000, 0x0000000704700000, 0x0000000704800000|  0%| F|  |TAMS 0x0000000704700000, 0x0000000704700000| Untracked 
|  50|0x0000000704800000, 0x0000000704800000, 0x0000000704900000|  0%| F|  |TAMS 0x0000000704800000, 0x0000000704800000| Untracked 
|  51|0x0000000704900000, 0x0000000704900000, 0x0000000704a00000|  0%| F|  |TAMS 0x0000000704900000, 0x0000000704900000| Untracked 
|  52|0x0000000704a00000, 0x0000000704a00000, 0x0000000704b00000|  0%| F|  |TAMS 0x0000000704a00000, 0x0000000704a00000| Untracked 
|  53|0x0000000704b00000, 0x0000000704b00000, 0x0000000704c00000|  0%| F|  |TAMS 0x0000000704b00000, 0x0000000704b00000| Untracked 
|  54|0x0000000704c00000, 0x0000000704c00000, 0x0000000704d00000|  0%| F|  |TAMS 0x0000000704c00000, 0x0000000704c00000| Untracked 
|  55|0x0000000704d00000, 0x0000000704d00000, 0x0000000704e00000|  0%| F|  |TAMS 0x0000000704d00000, 0x0000000704d00000| Untracked 
|  56|0x0000000704e00000, 0x0000000704e00000, 0x0000000704f00000|  0%| F|  |TAMS 0x0000000704e00000, 0x0000000704e00000| Untracked 
|  57|0x0000000704f00000, 0x0000000704f00000, 0x0000000705000000|  0%| F|  |TAMS 0x0000000704f00000, 0x0000000704f00000| Untracked 
|  58|0x0000000705000000, 0x0000000705000000, 0x0000000705100000|  0%| F|  |TAMS 0x0000000705000000, 0x0000000705000000| Untracked 
|  59|0x0000000705100000, 0x0000000705100000, 0x0000000705200000|  0%| F|  |TAMS 0x0000000705100000, 0x0000000705100000| Untracked 
|  60|0x0000000705200000, 0x0000000705200000, 0x0000000705300000|  0%| F|  |TAMS 0x0000000705200000, 0x0000000705200000| Untracked 
|  61|0x0000000705300000, 0x0000000705300000, 0x0000000705400000|  0%| F|  |TAMS 0x0000000705300000, 0x0000000705300000| Untracked 
|  62|0x0000000705400000, 0x0000000705400000, 0x0000000705500000|  0%| F|  |TAMS 0x0000000705400000, 0x0000000705400000| Untracked 
|  63|0x0000000705500000, 0x0000000705500000, 0x0000000705600000|  0%| F|  |TAMS 0x0000000705500000, 0x0000000705500000| Untracked 
|  64|0x0000000705600000, 0x0000000705600000, 0x0000000705700000|  0%| F|  |TAMS 0x0000000705600000, 0x0000000705600000| Untracked 
|  65|0x0000000705700000, 0x0000000705700000, 0x0000000705800000|  0%| F|  |TAMS 0x0000000705700000, 0x0000000705700000| Untracked 
|  66|0x0000000705800000, 0x0000000705800000, 0x0000000705900000|  0%| F|  |TAMS 0x0000000705800000, 0x0000000705800000| Untracked 
|  67|0x0000000705900000, 0x0000000705900000, 0x0000000705a00000|  0%| F|  |TAMS 0x0000000705900000, 0x0000000705900000| Untracked 
|  68|0x0000000705a00000, 0x0000000705a00000, 0x0000000705b00000|  0%| F|  |TAMS 0x0000000705a00000, 0x0000000705a00000| Untracked 
|  69|0x0000000705b00000, 0x0000000705b00000, 0x0000000705c00000|  0%| F|  |TAMS 0x0000000705b00000, 0x0000000705b00000| Untracked 
|  70|0x0000000705c00000, 0x0000000705c00000, 0x0000000705d00000|  0%| F|  |TAMS 0x0000000705c00000, 0x0000000705c00000| Untracked 
|  71|0x0000000705d00000, 0x0000000705d00000, 0x0000000705e00000|  0%| F|  |TAMS 0x0000000705d00000, 0x0000000705d00000| Untracked 
|  72|0x0000000705e00000, 0x0000000705e00000, 0x0000000705f00000|  0%| F|  |TAMS 0x0000000705e00000, 0x0000000705e00000| Untracked 
|  73|0x0000000705f00000, 0x0000000705f00000, 0x0000000706000000|  0%| F|  |TAMS 0x0000000705f00000, 0x0000000705f00000| Untracked 
|  74|0x0000000706000000, 0x0000000706000000, 0x0000000706100000|  0%| F|  |TAMS 0x0000000706000000, 0x0000000706000000| Untracked 
|  75|0x0000000706100000, 0x0000000706100000, 0x0000000706200000|  0%| F|  |TAMS 0x0000000706100000, 0x0000000706100000| Untracked 
|  76|0x0000000706200000, 0x0000000706200000, 0x0000000706300000|  0%| F|  |TAMS 0x0000000706200000, 0x0000000706200000| Untracked 
|  77|0x0000000706300000, 0x0000000706300000, 0x0000000706400000|  0%| F|  |TAMS 0x0000000706300000, 0x0000000706300000| Untracked 
|  78|0x0000000706400000, 0x0000000706400000, 0x0000000706500000|  0%| F|  |TAMS 0x0000000706400000, 0x0000000706400000| Untracked 
|  79|0x0000000706500000, 0x0000000706500000, 0x0000000706600000|  0%| F|  |TAMS 0x0000000706500000, 0x0000000706500000| Untracked 
|  80|0x0000000706600000, 0x0000000706600000, 0x0000000706700000|  0%| F|  |TAMS 0x0000000706600000, 0x0000000706600000| Untracked 
|  81|0x0000000706700000, 0x0000000706700000, 0x0000000706800000|  0%| F|  |TAMS 0x0000000706700000, 0x0000000706700000| Untracked 
|  82|0x0000000706800000, 0x0000000706800000, 0x0000000706900000|  0%| F|  |TAMS 0x0000000706800000, 0x0000000706800000| Untracked 
|  83|0x0000000706900000, 0x0000000706900000, 0x0000000706a00000|  0%| F|  |TAMS 0x0000000706900000, 0x0000000706900000| Untracked 
|  84|0x0000000706a00000, 0x0000000706a00000, 0x0000000706b00000|  0%| F|  |TAMS 0x0000000706a00000, 0x0000000706a00000| Untracked 
|  85|0x0000000706b00000, 0x0000000706b00000, 0x0000000706c00000|  0%| F|  |TAMS 0x0000000706b00000, 0x0000000706b00000| Untracked 
|  86|0x0000000706c00000, 0x0000000706c00000, 0x0000000706d00000|  0%| F|  |TAMS 0x0000000706c00000, 0x0000000706c00000| Untracked 
|  87|0x0000000706d00000, 0x0000000706d00000, 0x0000000706e00000|  0%| F|  |TAMS 0x0000000706d00000, 0x0000000706d00000| Untracked 
|  88|0x0000000706e00000, 0x0000000706e00000, 0x0000000706f00000|  0%| F|  |TAMS 0x0000000706e00000, 0x0000000706e00000| Untracked 
|  89|0x0000000706f00000, 0x0000000706f00000, 0x0000000707000000|  0%| F|  |TAMS 0x0000000706f00000, 0x0000000706f00000| Untracked 
|  90|0x0000000707000000, 0x0000000707000000, 0x0000000707100000|  0%| F|  |TAMS 0x0000000707000000, 0x0000000707000000| Untracked 
|  91|0x0000000707100000, 0x0000000707100000, 0x0000000707200000|  0%| F|  |TAMS 0x0000000707100000, 0x0000000707100000| Untracked 
|  92|0x0000000707200000, 0x0000000707200000, 0x0000000707300000|  0%| F|  |TAMS 0x0000000707200000, 0x0000000707200000| Untracked 
|  93|0x0000000707300000, 0x0000000707300000, 0x0000000707400000|  0%| F|  |TAMS 0x0000000707300000, 0x0000000707300000| Untracked 
|  94|0x0000000707400000, 0x0000000707400000, 0x0000000707500000|  0%| F|  |TAMS 0x0000000707400000, 0x0000000707400000| Untracked 
|  95|0x0000000707500000, 0x0000000707500000, 0x0000000707600000|  0%| F|  |TAMS 0x0000000707500000, 0x0000000707500000| Untracked 
|  96|0x0000000707600000, 0x0000000707600000, 0x0000000707700000|  0%| F|  |TAMS 0x0000000707600000, 0x0000000707600000| Untracked 
|  97|0x0000000707700000, 0x0000000707700000, 0x0000000707800000|  0%| F|  |TAMS 0x0000000707700000, 0x0000000707700000| Untracked 
|  98|0x0000000707800000, 0x0000000707800000, 0x0000000707900000|  0%| F|  |TAMS 0x0000000707800000, 0x0000000707800000| Untracked 
|  99|0x0000000707900000, 0x0000000707900000, 0x0000000707a00000|  0%| F|  |TAMS 0x0000000707900000, 0x0000000707900000| Untracked 
| 100|0x0000000707a00000, 0x0000000707a00000, 0x0000000707b00000|  0%| F|  |TAMS 0x0000000707a00000, 0x0000000707a00000| Untracked 
| 101|0x0000000707b00000, 0x0000000707b00000, 0x0000000707c00000|  0%| F|  |TAMS 0x0000000707b00000, 0x0000000707b00000| Untracked 
| 102|0x0000000707c00000, 0x0000000707c00000, 0x0000000707d00000|  0%| F|  |TAMS 0x0000000707c00000, 0x0000000707c00000| Untracked 
| 103|0x0000000707d00000, 0x0000000707d00000, 0x0000000707e00000|  0%| F|  |TAMS 0x0000000707d00000, 0x0000000707d00000| Untracked 
| 104|0x0000000707e00000, 0x0000000707e00000, 0x0000000707f00000|  0%| F|  |TAMS 0x0000000707e00000, 0x0000000707e00000| Untracked 
| 105|0x0000000707f00000, 0x0000000707f00000, 0x0000000708000000|  0%| F|  |TAMS 0x0000000707f00000, 0x0000000707f00000| Untracked 
| 106|0x0000000708000000, 0x0000000708000000, 0x0000000708100000|  0%| F|  |TAMS 0x0000000708000000, 0x0000000708000000| Untracked 
| 107|0x0000000708100000, 0x0000000708100000, 0x0000000708200000|  0%| F|  |TAMS 0x0000000708100000, 0x0000000708100000| Untracked 
| 108|0x0000000708200000, 0x0000000708200000, 0x0000000708300000|  0%| F|  |TAMS 0x0000000708200000, 0x0000000708200000| Untracked 
| 109|0x0000000708300000, 0x0000000708300000, 0x0000000708400000|  0%| F|  |TAMS 0x0000000708300000, 0x0000000708300000| Untracked 
| 110|0x0000000708400000, 0x0000000708400000, 0x0000000708500000|  0%| F|  |TAMS 0x0000000708400000, 0x0000000708400000| Untracked 
| 111|0x0000000708500000, 0x0000000708500000, 0x0000000708600000|  0%| F|  |TAMS 0x0000000708500000, 0x0000000708500000| Untracked 
| 112|0x0000000708600000, 0x0000000708600000, 0x0000000708700000|  0%| F|  |TAMS 0x0000000708600000, 0x0000000708600000| Untracked 
| 113|0x0000000708700000, 0x0000000708700000, 0x0000000708800000|  0%| F|  |TAMS 0x0000000708700000, 0x0000000708700000| Untracked 
| 114|0x0000000708800000, 0x0000000708800000, 0x0000000708900000|  0%| F|  |TAMS 0x0000000708800000, 0x0000000708800000| Untracked 
| 115|0x0000000708900000, 0x0000000708900000, 0x0000000708a00000|  0%| F|  |TAMS 0x0000000708900000, 0x0000000708900000| Untracked 
| 116|0x0000000708a00000, 0x0000000708a00000, 0x0000000708b00000|  0%| F|  |TAMS 0x0000000708a00000, 0x0000000708a00000| Untracked 
| 117|0x0000000708b00000, 0x0000000708b00000, 0x0000000708c00000|  0%| F|  |TAMS 0x0000000708b00000, 0x0000000708b00000| Untracked 
| 118|0x0000000708c00000, 0x0000000708c00000, 0x0000000708d00000|  0%| F|  |TAMS 0x0000000708c00000, 0x0000000708c00000| Untracked 
| 119|0x0000000708d00000, 0x0000000708d00000, 0x0000000708e00000|  0%| F|  |TAMS 0x0000000708d00000, 0x0000000708d00000| Untracked 
| 120|0x0000000708e00000, 0x0000000708e00000, 0x0000000708f00000|  0%| F|  |TAMS 0x0000000708e00000, 0x0000000708e00000| Untracked 
| 121|0x0000000708f00000, 0x0000000708f00000, 0x0000000709000000|  0%| F|  |TAMS 0x0000000708f00000, 0x0000000708f00000| Untracked 
| 122|0x0000000709000000, 0x0000000709000000, 0x0000000709100000|  0%| F|  |TAMS 0x0000000709000000, 0x0000000709000000| Untracked 
| 123|0x0000000709100000, 0x0000000709100000, 0x0000000709200000|  0%| F|  |TAMS 0x0000000709100000, 0x0000000709100000| Untracked 
| 124|0x0000000709200000, 0x0000000709200000, 0x0000000709300000|  0%| F|  |TAMS 0x0000000709200000, 0x0000000709200000| Untracked 
| 125|0x0000000709300000, 0x0000000709300000, 0x0000000709400000|  0%| F|  |TAMS 0x0000000709300000, 0x0000000709300000| Untracked 
| 126|0x0000000709400000, 0x0000000709400000, 0x0000000709500000|  0%| F|  |TAMS 0x0000000709400000, 0x0000000709400000| Untracked 
| 127|0x0000000709500000, 0x0000000709500000, 0x0000000709600000|  0%| F|  |TAMS 0x0000000709500000, 0x0000000709500000| Untracked 
| 128|0x0000000709600000, 0x0000000709600000, 0x0000000709700000|  0%| F|  |TAMS 0x0000000709600000, 0x0000000709600000| Untracked 
| 129|0x0000000709700000, 0x0000000709700000, 0x0000000709800000|  0%| F|  |TAMS 0x0000000709700000, 0x0000000709700000| Untracked 
| 130|0x0000000709800000, 0x0000000709800000, 0x0000000709900000|  0%| F|  |TAMS 0x0000000709800000, 0x0000000709800000| Untracked 
| 131|0x0000000709900000, 0x0000000709900000, 0x0000000709a00000|  0%| F|  |TAMS 0x0000000709900000, 0x0000000709900000| Untracked 
| 132|0x0000000709a00000, 0x0000000709a00000, 0x0000000709b00000|  0%| F|  |TAMS 0x0000000709a00000, 0x0000000709a00000| Untracked 
| 133|0x0000000709b00000, 0x0000000709b00000, 0x0000000709c00000|  0%| F|  |TAMS 0x0000000709b00000, 0x0000000709b00000| Untracked 
| 134|0x0000000709c00000, 0x0000000709c00000, 0x0000000709d00000|  0%| F|  |TAMS 0x0000000709c00000, 0x0000000709c00000| Untracked 
| 135|0x0000000709d00000, 0x0000000709d00000, 0x0000000709e00000|  0%| F|  |TAMS 0x0000000709d00000, 0x0000000709d00000| Untracked 
| 136|0x0000000709e00000, 0x0000000709e00000, 0x0000000709f00000|  0%| F|  |TAMS 0x0000000709e00000, 0x0000000709e00000| Untracked 
| 137|0x0000000709f00000, 0x0000000709f00000, 0x000000070a000000|  0%| F|  |TAMS 0x0000000709f00000, 0x0000000709f00000| Untracked 
| 138|0x000000070a000000, 0x000000070a000000, 0x000000070a100000|  0%| F|  |TAMS 0x000000070a000000, 0x000000070a000000| Untracked 
| 139|0x000000070a100000, 0x000000070a100000, 0x000000070a200000|  0%| F|  |TAMS 0x000000070a100000, 0x000000070a100000| Untracked 
| 140|0x000000070a200000, 0x000000070a200000, 0x000000070a300000|  0%| F|  |TAMS 0x000000070a200000, 0x000000070a200000| Untracked 
| 141|0x000000070a300000, 0x000000070a300000, 0x000000070a400000|  0%| F|  |TAMS 0x000000070a300000, 0x000000070a300000| Untracked 
| 142|0x000000070a400000, 0x000000070a400000, 0x000000070a500000|  0%| F|  |TAMS 0x000000070a400000, 0x000000070a400000| Untracked 
| 143|0x000000070a500000, 0x000000070a500000, 0x000000070a600000|  0%| F|  |TAMS 0x000000070a500000, 0x000000070a500000| Untracked 
| 144|0x000000070a600000, 0x000000070a600000, 0x000000070a700000|  0%| F|  |TAMS 0x000000070a600000, 0x000000070a600000| Untracked 
| 145|0x000000070a700000, 0x000000070a700000, 0x000000070a800000|  0%| F|  |TAMS 0x000000070a700000, 0x000000070a700000| Untracked 
| 146|0x000000070a800000, 0x000000070a800000, 0x000000070a900000|  0%| F|  |TAMS 0x000000070a800000, 0x000000070a800000| Untracked 
| 147|0x000000070a900000, 0x000000070a900000, 0x000000070aa00000|  0%| F|  |TAMS 0x000000070a900000, 0x000000070a900000| Untracked 
| 148|0x000000070aa00000, 0x000000070aa00000, 0x000000070ab00000|  0%| F|  |TAMS 0x000000070aa00000, 0x000000070aa00000| Untracked 
| 149|0x000000070ab00000, 0x000000070ab00000, 0x000000070ac00000|  0%| F|  |TAMS 0x000000070ab00000, 0x000000070ab00000| Untracked 
| 150|0x000000070ac00000, 0x000000070ac00000, 0x000000070ad00000|  0%| F|  |TAMS 0x000000070ac00000, 0x000000070ac00000| Untracked 
| 151|0x000000070ad00000, 0x000000070ad00000, 0x000000070ae00000|  0%| F|  |TAMS 0x000000070ad00000, 0x000000070ad00000| Untracked 
| 152|0x000000070ae00000, 0x000000070ae00000, 0x000000070af00000|  0%| F|  |TAMS 0x000000070ae00000, 0x000000070ae00000| Untracked 
| 153|0x000000070af00000, 0x000000070af00000, 0x000000070b000000|  0%| F|  |TAMS 0x000000070af00000, 0x000000070af00000| Untracked 
| 154|0x000000070b000000, 0x000000070b000000, 0x000000070b100000|  0%| F|  |TAMS 0x000000070b000000, 0x000000070b000000| Untracked 
| 155|0x000000070b100000, 0x000000070b100000, 0x000000070b200000|  0%| F|  |TAMS 0x000000070b100000, 0x000000070b100000| Untracked 
| 156|0x000000070b200000, 0x000000070b200000, 0x000000070b300000|  0%| F|  |TAMS 0x000000070b200000, 0x000000070b200000| Untracked 
| 157|0x000000070b300000, 0x000000070b300000, 0x000000070b400000|  0%| F|  |TAMS 0x000000070b300000, 0x000000070b300000| Untracked 
| 158|0x000000070b400000, 0x000000070b400000, 0x000000070b500000|  0%| F|  |TAMS 0x000000070b400000, 0x000000070b400000| Untracked 
| 159|0x000000070b500000, 0x000000070b500000, 0x000000070b600000|  0%| F|  |TAMS 0x000000070b500000, 0x000000070b500000| Untracked 
| 160|0x000000070b600000, 0x000000070b600000, 0x000000070b700000|  0%| F|  |TAMS 0x000000070b600000, 0x000000070b600000| Untracked 
| 161|0x000000070b700000, 0x000000070b700000, 0x000000070b800000|  0%| F|  |TAMS 0x000000070b700000, 0x000000070b700000| Untracked 
| 162|0x000000070b800000, 0x000000070b800000, 0x000000070b900000|  0%| F|  |TAMS 0x000000070b800000, 0x000000070b800000| Untracked 
| 163|0x000000070b900000, 0x000000070b900000, 0x000000070ba00000|  0%| F|  |TAMS 0x000000070b900000, 0x000000070b900000| Untracked 
| 164|0x000000070ba00000, 0x000000070ba00000, 0x000000070bb00000|  0%| F|  |TAMS 0x000000070ba00000, 0x000000070ba00000| Untracked 
| 165|0x000000070bb00000, 0x000000070bb00000, 0x000000070bc00000|  0%| F|  |TAMS 0x000000070bb00000, 0x000000070bb00000| Untracked 
| 166|0x000000070bc00000, 0x000000070bc00000, 0x000000070bd00000|  0%| F|  |TAMS 0x000000070bc00000, 0x000000070bc00000| Untracked 
| 167|0x000000070bd00000, 0x000000070bd00000, 0x000000070be00000|  0%| F|  |TAMS 0x000000070bd00000, 0x000000070bd00000| Untracked 
| 168|0x000000070be00000, 0x000000070be00000, 0x000000070bf00000|  0%| F|  |TAMS 0x000000070be00000, 0x000000070be00000| Untracked 
| 169|0x000000070bf00000, 0x000000070bf00000, 0x000000070c000000|  0%| F|  |TAMS 0x000000070bf00000, 0x000000070bf00000| Untracked 
| 170|0x000000070c000000, 0x000000070c000000, 0x000000070c100000|  0%| F|  |TAMS 0x000000070c000000, 0x000000070c000000| Untracked 
| 171|0x000000070c100000, 0x000000070c100000, 0x000000070c200000|  0%| F|  |TAMS 0x000000070c100000, 0x000000070c100000| Untracked 
| 172|0x000000070c200000, 0x000000070c200000, 0x000000070c300000|  0%| F|  |TAMS 0x000000070c200000, 0x000000070c200000| Untracked 
| 173|0x000000070c300000, 0x000000070c300000, 0x000000070c400000|  0%| F|  |TAMS 0x000000070c300000, 0x000000070c300000| Untracked 
| 174|0x000000070c400000, 0x000000070c400000, 0x000000070c500000|  0%| F|  |TAMS 0x000000070c400000, 0x000000070c400000| Untracked 
| 175|0x000000070c500000, 0x000000070c500000, 0x000000070c600000|  0%| F|  |TAMS 0x000000070c500000, 0x000000070c500000| Untracked 
| 176|0x000000070c600000, 0x000000070c600000, 0x000000070c700000|  0%| F|  |TAMS 0x000000070c600000, 0x000000070c600000| Untracked 
| 177|0x000000070c700000, 0x000000070c700000, 0x000000070c800000|  0%| F|  |TAMS 0x000000070c700000, 0x000000070c700000| Untracked 
| 178|0x000000070c800000, 0x000000070c800000, 0x000000070c900000|  0%| F|  |TAMS 0x000000070c800000, 0x000000070c800000| Untracked 
| 179|0x000000070c900000, 0x000000070c900000, 0x000000070ca00000|  0%| F|  |TAMS 0x000000070c900000, 0x000000070c900000| Untracked 
| 180|0x000000070ca00000, 0x000000070ca00000, 0x000000070cb00000|  0%| F|  |TAMS 0x000000070ca00000, 0x000000070ca00000| Untracked 
| 181|0x000000070cb00000, 0x000000070cb00000, 0x000000070cc00000|  0%| F|  |TAMS 0x000000070cb00000, 0x000000070cb00000| Untracked 
| 182|0x000000070cc00000, 0x000000070cc00000, 0x000000070cd00000|  0%| F|  |TAMS 0x000000070cc00000, 0x000000070cc00000| Untracked 
| 183|0x000000070cd00000, 0x000000070cd00000, 0x000000070ce00000|  0%| F|  |TAMS 0x000000070cd00000, 0x000000070cd00000| Untracked 
| 184|0x000000070ce00000, 0x000000070ce00000, 0x000000070cf00000|  0%| F|  |TAMS 0x000000070ce00000, 0x000000070ce00000| Untracked 
| 185|0x000000070cf00000, 0x000000070cf00000, 0x000000070d000000|  0%| F|  |TAMS 0x000000070cf00000, 0x000000070cf00000| Untracked 
| 186|0x000000070d000000, 0x000000070d000000, 0x000000070d100000|  0%| F|  |TAMS 0x000000070d000000, 0x000000070d000000| Untracked 
| 187|0x000000070d100000, 0x000000070d100000, 0x000000070d200000|  0%| F|  |TAMS 0x000000070d100000, 0x000000070d100000| Untracked 
| 188|0x000000070d200000, 0x000000070d200000, 0x000000070d300000|  0%| F|  |TAMS 0x000000070d200000, 0x000000070d200000| Untracked 
| 189|0x000000070d300000, 0x000000070d300000, 0x000000070d400000|  0%| F|  |TAMS 0x000000070d300000, 0x000000070d300000| Untracked 
| 190|0x000000070d400000, 0x000000070d400000, 0x000000070d500000|  0%| F|  |TAMS 0x000000070d400000, 0x000000070d400000| Untracked 
| 191|0x000000070d500000, 0x000000070d500000, 0x000000070d600000|  0%| F|  |TAMS 0x000000070d500000, 0x000000070d500000| Untracked 
| 192|0x000000070d600000, 0x000000070d600000, 0x000000070d700000|  0%| F|  |TAMS 0x000000070d600000, 0x000000070d600000| Untracked 
| 193|0x000000070d700000, 0x000000070d700000, 0x000000070d800000|  0%| F|  |TAMS 0x000000070d700000, 0x000000070d700000| Untracked 
| 194|0x000000070d800000, 0x000000070d800000, 0x000000070d900000|  0%| F|  |TAMS 0x000000070d800000, 0x000000070d800000| Untracked 
| 195|0x000000070d900000, 0x000000070d900000, 0x000000070da00000|  0%| F|  |TAMS 0x000000070d900000, 0x000000070d900000| Untracked 
| 196|0x000000070da00000, 0x000000070da00000, 0x000000070db00000|  0%| F|  |TAMS 0x000000070da00000, 0x000000070da00000| Untracked 
| 197|0x000000070db00000, 0x000000070db00000, 0x000000070dc00000|  0%| F|  |TAMS 0x000000070db00000, 0x000000070db00000| Untracked 
| 198|0x000000070dc00000, 0x000000070dc00000, 0x000000070dd00000|  0%| F|  |TAMS 0x000000070dc00000, 0x000000070dc00000| Untracked 
| 199|0x000000070dd00000, 0x000000070dd00000, 0x000000070de00000|  0%| F|  |TAMS 0x000000070dd00000, 0x000000070dd00000| Untracked 
| 200|0x000000070de00000, 0x000000070de00000, 0x000000070df00000|  0%| F|  |TAMS 0x000000070de00000, 0x000000070de00000| Untracked 
| 201|0x000000070df00000, 0x000000070df00000, 0x000000070e000000|  0%| F|  |TAMS 0x000000070df00000, 0x000000070df00000| Untracked 
| 202|0x000000070e000000, 0x000000070e000000, 0x000000070e100000|  0%| F|  |TAMS 0x000000070e000000, 0x000000070e000000| Untracked 
| 203|0x000000070e100000, 0x000000070e100000, 0x000000070e200000|  0%| F|  |TAMS 0x000000070e100000, 0x000000070e100000| Untracked 
| 204|0x000000070e200000, 0x000000070e200000, 0x000000070e300000|  0%| F|  |TAMS 0x000000070e200000, 0x000000070e200000| Untracked 
| 205|0x000000070e300000, 0x000000070e300000, 0x000000070e400000|  0%| F|  |TAMS 0x000000070e300000, 0x000000070e300000| Untracked 
| 206|0x000000070e400000, 0x000000070e400000, 0x000000070e500000|  0%| F|  |TAMS 0x000000070e400000, 0x000000070e400000| Untracked 
| 207|0x000000070e500000, 0x000000070e500000, 0x000000070e600000|  0%| F|  |TAMS 0x000000070e500000, 0x000000070e500000| Untracked 
| 208|0x000000070e600000, 0x000000070e600000, 0x000000070e700000|  0%| F|  |TAMS 0x000000070e600000, 0x000000070e600000| Untracked 
| 209|0x000000070e700000, 0x000000070e700000, 0x000000070e800000|  0%| F|  |TAMS 0x000000070e700000, 0x000000070e700000| Untracked 
| 210|0x000000070e800000, 0x000000070e800000, 0x000000070e900000|  0%| F|  |TAMS 0x000000070e800000, 0x000000070e800000| Untracked 
| 211|0x000000070e900000, 0x000000070e900000, 0x000000070ea00000|  0%| F|  |TAMS 0x000000070e900000, 0x000000070e900000| Untracked 
| 212|0x000000070ea00000, 0x000000070ea00000, 0x000000070eb00000|  0%| F|  |TAMS 0x000000070ea00000, 0x000000070ea00000| Untracked 
| 213|0x000000070eb00000, 0x000000070eb00000, 0x000000070ec00000|  0%| F|  |TAMS 0x000000070eb00000, 0x000000070eb00000| Untracked 
| 214|0x000000070ec00000, 0x000000070ec00000, 0x000000070ed00000|  0%| F|  |TAMS 0x000000070ec00000, 0x000000070ec00000| Untracked 
| 215|0x000000070ed00000, 0x000000070ed00000, 0x000000070ee00000|  0%| F|  |TAMS 0x000000070ed00000, 0x000000070ed00000| Untracked 
| 216|0x000000070ee00000, 0x000000070ee00000, 0x000000070ef00000|  0%| F|  |TAMS 0x000000070ee00000, 0x000000070ee00000| Untracked 
| 217|0x000000070ef00000, 0x000000070ef00000, 0x000000070f000000|  0%| F|  |TAMS 0x000000070ef00000, 0x000000070ef00000| Untracked 
| 218|0x000000070f000000, 0x000000070f000000, 0x000000070f100000|  0%| F|  |TAMS 0x000000070f000000, 0x000000070f000000| Untracked 
| 219|0x000000070f100000, 0x000000070f100000, 0x000000070f200000|  0%| F|  |TAMS 0x000000070f100000, 0x000000070f100000| Untracked 
| 220|0x000000070f200000, 0x000000070f200000, 0x000000070f300000|  0%| F|  |TAMS 0x000000070f200000, 0x000000070f200000| Untracked 
| 221|0x000000070f300000, 0x000000070f300000, 0x000000070f400000|  0%| F|  |TAMS 0x000000070f300000, 0x000000070f300000| Untracked 
| 222|0x000000070f400000, 0x000000070f400000, 0x000000070f500000|  0%| F|  |TAMS 0x000000070f400000, 0x000000070f400000| Untracked 
| 223|0x000000070f500000, 0x000000070f500000, 0x000000070f600000|  0%| F|  |TAMS 0x000000070f500000, 0x000000070f500000| Untracked 
| 224|0x000000070f600000, 0x000000070f600000, 0x000000070f700000|  0%| F|  |TAMS 0x000000070f600000, 0x000000070f600000| Untracked 
| 225|0x000000070f700000, 0x000000070f700000, 0x000000070f800000|  0%| F|  |TAMS 0x000000070f700000, 0x000000070f700000| Untracked 
| 226|0x000000070f800000, 0x000000070f800000, 0x000000070f900000|  0%| F|  |TAMS 0x000000070f800000, 0x000000070f800000| Untracked 
| 227|0x000000070f900000, 0x000000070f900000, 0x000000070fa00000|  0%| F|  |TAMS 0x000000070f900000, 0x000000070f900000| Untracked 
| 228|0x000000070fa00000, 0x000000070fa00000, 0x000000070fb00000|  0%| F|  |TAMS 0x000000070fa00000, 0x000000070fa00000| Untracked 
| 229|0x000000070fb00000, 0x000000070fb00000, 0x000000070fc00000|  0%| F|  |TAMS 0x000000070fb00000, 0x000000070fb00000| Untracked 
| 230|0x000000070fc00000, 0x000000070fc00000, 0x000000070fd00000|  0%| F|  |TAMS 0x000000070fc00000, 0x000000070fc00000| Untracked 
| 231|0x000000070fd00000, 0x000000070fd00000, 0x000000070fe00000|  0%| F|  |TAMS 0x000000070fd00000, 0x000000070fd00000| Untracked 
| 232|0x000000070fe00000, 0x000000070fe00000, 0x000000070ff00000|  0%| F|  |TAMS 0x000000070fe00000, 0x000000070fe00000| Untracked 
| 233|0x000000070ff00000, 0x000000070ff00000, 0x0000000710000000|  0%| F|  |TAMS 0x000000070ff00000, 0x000000070ff00000| Untracked 
| 234|0x0000000710000000, 0x0000000710000000, 0x0000000710100000|  0%| F|  |TAMS 0x0000000710000000, 0x0000000710000000| Untracked 
| 235|0x0000000710100000, 0x0000000710100000, 0x0000000710200000|  0%| F|  |TAMS 0x0000000710100000, 0x0000000710100000| Untracked 
| 236|0x0000000710200000, 0x0000000710200000, 0x0000000710300000|  0%| F|  |TAMS 0x0000000710200000, 0x0000000710200000| Untracked 
| 237|0x0000000710300000, 0x0000000710300000, 0x0000000710400000|  0%| F|  |TAMS 0x0000000710300000, 0x0000000710300000| Untracked 
| 238|0x0000000710400000, 0x0000000710400000, 0x0000000710500000|  0%| F|  |TAMS 0x0000000710400000, 0x0000000710400000| Untracked 
| 239|0x0000000710500000, 0x0000000710500000, 0x0000000710600000|  0%| F|  |TAMS 0x0000000710500000, 0x0000000710500000| Untracked 
| 240|0x0000000710600000, 0x0000000710600000, 0x0000000710700000|  0%| F|  |TAMS 0x0000000710600000, 0x0000000710600000| Untracked 
| 241|0x0000000710700000, 0x0000000710700000, 0x0000000710800000|  0%| F|  |TAMS 0x0000000710700000, 0x0000000710700000| Untracked 
| 242|0x0000000710800000, 0x0000000710800000, 0x0000000710900000|  0%| F|  |TAMS 0x0000000710800000, 0x0000000710800000| Untracked 
| 243|0x0000000710900000, 0x0000000710900000, 0x0000000710a00000|  0%| F|  |TAMS 0x0000000710900000, 0x0000000710900000| Untracked 
| 244|0x0000000710a00000, 0x0000000710a00000, 0x0000000710b00000|  0%| F|  |TAMS 0x0000000710a00000, 0x0000000710a00000| Untracked 
| 245|0x0000000710b00000, 0x0000000710b00000, 0x0000000710c00000|  0%| F|  |TAMS 0x0000000710b00000, 0x0000000710b00000| Untracked 
| 246|0x0000000710c00000, 0x0000000710c00000, 0x0000000710d00000|  0%| F|  |TAMS 0x0000000710c00000, 0x0000000710c00000| Untracked 
| 247|0x0000000710d00000, 0x0000000710d00000, 0x0000000710e00000|  0%| F|  |TAMS 0x0000000710d00000, 0x0000000710d00000| Untracked 
| 248|0x0000000710e00000, 0x0000000710e00000, 0x0000000710f00000|  0%| F|  |TAMS 0x0000000710e00000, 0x0000000710e00000| Untracked 
| 249|0x0000000710f00000, 0x0000000710f76948, 0x0000000711000000| 46%| E|  |TAMS 0x0000000710f00000, 0x0000000710f00000| Complete 
| 250|0x0000000711000000, 0x0000000711100000, 0x0000000711100000|100%| E|CS|TAMS 0x0000000711000000, 0x0000000711000000| Complete 
| 251|0x0000000711100000, 0x0000000711200000, 0x0000000711200000|100%| E|CS|TAMS 0x0000000711100000, 0x0000000711100000| Complete 
| 252|0x0000000711200000, 0x0000000711300000, 0x0000000711300000|100%| E|CS|TAMS 0x0000000711200000, 0x0000000711200000| Complete 
| 253|0x0000000711300000, 0x0000000711400000, 0x0000000711400000|100%| E|CS|TAMS 0x0000000711300000, 0x0000000711300000| Complete 
| 254|0x0000000711400000, 0x0000000711500000, 0x0000000711500000|100%| E|CS|TAMS 0x0000000711400000, 0x0000000711400000| Complete 
| 255|0x0000000711500000, 0x0000000711600000, 0x0000000711600000|100%| E|CS|TAMS 0x0000000711500000, 0x0000000711500000| Complete 

Card table byte_map: [0x000001669c260000,0x000001669ca60000] _byte_map_base: 0x0000016698a55000

Marking Bits (Prev, Next): (CMBitMap*) 0x0000016688add838, (CMBitMap*) 0x0000016688add878
 Prev Bits: [0x000001669d260000, 0x00000166a1208000)
 Next Bits: [0x00000166a1210000, 0x00000166a51b8000)

Polling page: 0x0000016686830000

Metaspace:

Usage:
  Non-class:      9.44 MB capacity,     9.27 MB ( 98%) used,   166.37 KB (  2%) free+waste,    11.94 KB ( <1%) overhead. 
      Class:    998.00 KB capacity,   951.77 KB ( 95%) used,    41.29 KB (  4%) free+waste,     4.94 KB ( <1%) overhead. 
       Both:     10.42 MB capacity,    10.20 MB ( 98%) used,   207.66 KB (  2%) free+waste,    16.88 KB ( <1%) overhead. 

Virtual space:
  Non-class space:       10.00 MB reserved,       9.50 MB ( 95%) committed 
      Class space:        1.00 GB reserved,       1.00 MB ( <1%) committed 
             Both:        1.01 GB reserved,      10.50 MB (  1%) committed 

Chunk freelists:
   Non-Class:  57.00 KB
       Class:  0 bytes
        Both:  57.00 KB

MaxMetaspaceSize: 17179869184.00 GB
CompressedClassSpaceSize: 1.00 GB

CodeHeap 'non-profiled nmethods': size=120000Kb used=141Kb max_used=141Kb free=119858Kb
 bounds [0x0000016694200000, 0x0000016694470000, 0x000001669b730000]
CodeHeap 'profiled nmethods': size=120000Kb used=709Kb max_used=709Kb free=119291Kb
 bounds [0x000001668ccd0000, 0x000001668cf40000, 0x0000016694200000]
CodeHeap 'non-nmethods': size=5760Kb used=1241Kb max_used=1256Kb free=4518Kb
 bounds [0x000001668c730000, 0x000001668c9a0000, 0x000001668ccd0000]
 total_blobs=877 nmethods=473 adapters=317
 compilation: enabled
              stopped_count=0, restarted_count=0
 full_count=0

Compilation events (20 events):
Event: 0.677 Thread 0x00000166a866f000  468       3       java.util.ArrayList::elementData (7 bytes)
Event: 0.677 Thread 0x00000166a866f000 nmethod 468 0x000001668cd7ff90 code [0x000001668cd80120, 0x000001668cd80258]
Event: 0.679 Thread 0x00000166a866f000  470       3       java.lang.ref.SoftReference::get (29 bytes)
Event: 0.679 Thread 0x00000166a866f000 nmethod 470 0x000001668cd80310 code [0x000001668cd804a0, 0x000001668cd80678]
Event: 0.679 Thread 0x00000166a866d800  471       4       java.lang.AbstractStringBuilder::ensureCapacityInternal (39 bytes)
Event: 0.679 Thread 0x00000166a866f000  472       3       java.util.Arrays::equals (57 bytes)
Event: 0.680 Thread 0x00000166a866f000 nmethod 472 0x000001668cd80710 code [0x000001668cd808e0, 0x000001668cd80e68]
Event: 0.681 Thread 0x00000166a866f000  473       3       java.lang.StringUTF16::getChar (60 bytes)
Event: 0.681 Thread 0x00000166a866f000 nmethod 473 0x000001668cd81010 code [0x000001668cd811a0, 0x000001668cd812f8]
Event: 0.682 Thread 0x00000166a866d800 nmethod 471 0x0000016694222a10 code [0x0000016694222be0, 0x0000016694223038]
Event: 0.682 Thread 0x00000166a866d800  474       4       java.lang.StringUTF16::getChar (60 bytes)
Event: 0.682 Thread 0x00000166a866d800 nmethod 474 0x0000016694223210 code [0x00000166942233c0, 0x0000016694223518]
Event: 195.237 Thread 0x00000166a866d800  475       4       org.eclipse.jdt.launching.internal.org.objectweb.asm.ClassReader::getItem (7 bytes)
Event: 195.241 Thread 0x00000166a866d800 

Event: 202.293 Thread 0x00000166a866d800  476       4       java.lang.StringUTF16::compress (50 bytes)
Event: 202.301 Thread 0x00000166a866d800 

Event: 436.083 Thread 0x00000166a866f000  477       3       org.eclipse.jdt.launching.internal.org.objectweb.asm.ByteVector::putShort (52 bytes)
Event: 436.085 Thread 0x00000166a866f000 

Event: 605.908 Thread 0x00000166a866d800  478       4       java.lang.StringUTF16::compress (50 bytes)
Event: 605.918 Thread 0x00000166a866d800 


GC Heap History (0 events):
No events

Deoptimization events (20 events):
Event: 0.621 Thread 0x0000016688a75000 DEOPT PACKING pc=0x000001668cd54cb8 sp=0x0000003b1a6f8aa0
Event: 0.621 Thread 0x0000016688a75000 DEOPT UNPACKING pc=0x000001668c77964e sp=0x0000003b1a6f7f68 mode 0
Event: 0.629 Thread 0x0000016688a75000 DEOPT PACKING pc=0x000001668cd54cb8 sp=0x0000003b1a6f8710
Event: 0.629 Thread 0x0000016688a75000 DEOPT UNPACKING pc=0x000001668c77964e sp=0x0000003b1a6f7bd8 mode 0
Event: 0.629 Thread 0x0000016688a75000 DEOPT PACKING pc=0x000001668cd54cb8 sp=0x0000003b1a6f8710
Event: 0.629 Thread 0x0000016688a75000 DEOPT UNPACKING pc=0x000001668c77964e sp=0x0000003b1a6f7bd8 mode 0
Event: 0.630 Thread 0x0000016688a75000 DEOPT PACKING pc=0x000001668cd54cb8 sp=0x0000003b1a6f8710
Event: 0.630 Thread 0x0000016688a75000 DEOPT UNPACKING pc=0x000001668c77964e sp=0x0000003b1a6f7bd8 mode 0
Event: 0.673 Thread 0x0000016688a75000 Uncommon trap: trap_request=0xffffff45 fr.pc=0x000001669420a7ac relative=0x000000000000026c
Event: 0.673 Thread 0x0000016688a75000 Uncommon trap: reason=unstable_if action=reinterpret pc=0x000001669420a7ac method=java.lang.String.isLatin1()Z @ 10 c2
Event: 0.673 Thread 0x0000016688a75000 DEOPT PACKING pc=0x000001669420a7ac sp=0x0000003b1a6fcaa0
Event: 0.673 Thread 0x0000016688a75000 DEOPT UNPACKING pc=0x000001668c77912f sp=0x0000003b1a6fc9d8 mode 2
Event: 0.673 Thread 0x0000016688a75000 Uncommon trap: trap_request=0xffffff45 fr.pc=0x000001669420757c relative=0x000000000000005c
Event: 0.673 Thread 0x0000016688a75000 Uncommon trap: reason=unstable_if action=reinterpret pc=0x000001669420757c method=java.lang.String.isLatin1()Z @ 10 c2
Event: 0.673 Thread 0x0000016688a75000 DEOPT PACKING pc=0x000001669420757c sp=0x0000003b1a6fca30
Event: 0.673 Thread 0x0000016688a75000 DEOPT UNPACKING pc=0x000001668c77912f sp=0x0000003b1a6fc9d0 mode 2
Event: 0.679 Thread 0x0000016688a75000 Uncommon trap: trap_request=0xffffff45 fr.pc=0x00000166942130e4 relative=0x0000000000000044
Event: 0.679 Thread 0x0000016688a75000 Uncommon trap: reason=unstable_if action=reinterpret pc=0x00000166942130e4 method=java.lang.CharacterData.of(I)Ljava/lang/CharacterData; @ 4 c2
Event: 0.679 Thread 0x0000016688a75000 DEOPT PACKING pc=0x00000166942130e4 sp=0x0000003b1a6fea10
Event: 0.679 Thread 0x0000016688a75000 DEOPT UNPACKING pc=0x000001668c77912f sp=0x0000003b1a6fe9b0 mode 2

Classes unloaded (0 events):
No events

Classes redefined (10 events):
Event: 179.016 Thread 0x00000166a7d4d000 redefined class name=com.ipartek.ejercicios.Excepciones.Ejercicio4ArrayList, count=1
Event: 195.238 Thread 0x00000166a7d4d000 redefined class name=com.ipartek.ejercicios.Excepciones.Ejercicio4ArrayList, count=2
Event: 202.294 Thread 0x00000166a7d4d000 redefined class name=com.ipartek.ejercicios.Excepciones.Ejercicio4ArrayList, count=3
Event: 213.299 Thread 0x00000166a7d4d000 redefined class name=com.ipartek.ejercicios.Excepciones.Ejercicio4ArrayList, count=4
Event: 321.002 Thread 0x00000166a7d4d000 redefined class name=com.ipartek.ejercicios.Excepciones.Ejercicio4ArrayList, count=5
Event: 359.107 Thread 0x00000166a7d4d000 redefined class name=com.ipartek.ejercicios.Excepciones.Ejercicio4ArrayList, count=6
Event: 436.083 Thread 0x00000166a7d4d000 redefined class name=com.ipartek.ejercicios.Excepciones.Ejercicio4ArrayList, count=7
Event: 580.711 Thread 0x00000166a7d4d000 redefined class name=com.ipartek.ejercicios.Excepciones.Ejercicio4ArrayList, count=8
Event: 605.909 Thread 0x00000166a7d4d000 redefined class name=com.ipartek.ejercicios.Excepciones.Ejercicio4ArrayList, count=9
Event: 618.265 Thread 0x00000166a7d4d000 redefined class name=com.ipartek.ejercicios.Excepciones.Ejercicio4ArrayList, count=10

Internal exceptions (5 events):
Event: 0.285 Thread 0x0000016688a75000 Exception <a 'java/lang/NoSuchMethodError'{0x00000007115aa508}: 'int java.lang.invoke.DirectMethodHandle$Holder.invokeSpecial(java.lang.Object, java.lang.Object, java.lang.Object, java.lang.Object)'> (0x00000007115aa508) 
thrown [./open/src/hotspot/share/interpreter/linkResolver.cpp, line 766]
Event: 0.289 Thread 0x0000016688a75000 Exception <a 'java/lang/NoSuchMethodError'{0x00000007115b2700}: 'void java.lang.invoke.DirectMethodHandle$Holder.invokeVirtual(java.lang.Object, java.lang.Object)'> (0x00000007115b2700) 
thrown [./open/src/hotspot/share/interpreter/linkResolver.cpp, line 766]
Event: 0.316 Thread 0x0000016688a75000 Exception <a 'java/lang/NoSuchMethodError'{0x000000071140c070}: 'void java.lang.invoke.DirectMethodHandle$Holder.invokeSpecial(java.lang.Object, java.lang.Object, java.lang.Object, java.lang.Object)'> (0x000000071140c070) 
thrown [./open/src/hotspot/share/interpreter/linkResolver.cpp, line 766]
Event: 0.646 Thread 0x0000016688a75000 Exception <a 'java/lang/NoSuchMethodError'{0x00000007111a7bb8}: 'int java.lang.invoke.DirectMethodHandle$Holder.invokeSpecialIFC(java.lang.Object, java.lang.Object, int)'> (0x00000007111a7bb8) 
thrown [./open/src/hotspot/share/interpreter/linkResolver.cpp, line 766]
Event: 681.542 Thread 0x00000166a894d000 Exception <a 'java/lang/LinkageError'{0x0000000710f10480}> (0x0000000710f10480) 
thrown [./open/src/hotspot/share/oops/generateOopMap.cpp, line 2140]

Events (20 events):
Event: 605.945 Executing VM operation: GetFrameCount
Event: 605.945 Executing VM operation: GetFrameCount done
Event: 605.945 Executing VM operation: GetOwnedMonitorInfo
Event: 605.946 Executing VM operation: GetOwnedMonitorInfo done
Event: 605.946 Executing VM operation: GetCurrentContendedMonitor
Event: 605.946 Executing VM operation: GetCurrentContendedMonitor done
Event: 618.264 Executing VM operation: RedefineClasses
Event: 618.266 Executing VM operation: RedefineClasses done
Event: 618.271 Executing VM operation: ChangeBreakpoints
Event: 618.271 Executing VM operation: ChangeBreakpoints done
Event: 618.273 Executing VM operation: GetFrameCount
Event: 618.273 Executing VM operation: GetFrameCount done
Event: 618.273 Executing VM operation: GetStackTrace
Event: 618.273 Executing VM operation: GetStackTrace done
Event: 618.314 Executing VM operation: GetFrameCount
Event: 618.314 Executing VM operation: GetFrameCount done
Event: 618.315 Executing VM operation: GetOwnedMonitorInfo
Event: 618.315 Executing VM operation: GetOwnedMonitorInfo done
Event: 618.316 Executing VM operation: GetCurrentContendedMonitor
Event: 618.316 Executing VM operation: GetCurrentContendedMonitor done


Dynamic libraries:
0x00007ff74d640000 - 0x00007ff74d64d000 	C:\Users\Leshou\.p2\pool\plugins\org.eclipse.justj.openjdk.hotspot.jre.full.win32.x86_64_14.0.2.v20200815-0932\jre\bin\javaw.exe
0x00007ffc34c00000 - 0x00007ffc34df0000 	C:\WINDOWS\SYSTEM32\ntdll.dll
0x00007ffbf8ae0000 - 0x00007ffbf8af2000 	C:\Program Files (x86)\AVG\Antivirus\aswhook.dll
0x00007ffc32cb0000 - 0x00007ffc32d62000 	C:\WINDOWS\System32\KERNEL32.DLL
0x00007ffc32050000 - 0x00007ffc322f5000 	C:\WINDOWS\System32\KERNELBASE.dll
0x00007ffc31e00000 - 0x00007ffc31efa000 	C:\WINDOWS\System32\ucrtbase.dll
0x00007ffc2f3e0000 - 0x00007ffc2f3f8000 	C:\Users\Leshou\.p2\pool\plugins\org.eclipse.justj.openjdk.hotspot.jre.full.win32.x86_64_14.0.2.v20200815-0932\jre\bin\jli.dll
0x00007ffc34a20000 - 0x00007ffc34bb4000 	C:\WINDOWS\System32\USER32.dll
0x00007ffc32470000 - 0x00007ffc32491000 	C:\WINDOWS\System32\win32u.dll
0x00007ffc348a0000 - 0x00007ffc348c6000 	C:\WINDOWS\System32\GDI32.dll
0x00007ffc31c60000 - 0x00007ffc31df6000 	C:\WINDOWS\System32\gdi32full.dll
0x00007ffc31fb0000 - 0x00007ffc3204e000 	C:\WINDOWS\System32\msvcp_win.dll
0x00007ffc2c810000 - 0x00007ffc2c825000 	C:\Users\Leshou\.p2\pool\plugins\org.eclipse.justj.openjdk.hotspot.jre.full.win32.x86_64_14.0.2.v20200815-0932\jre\bin\VCRUNTIME140.dll
0x00007ffc1ad60000 - 0x00007ffc1afe4000 	C:\WINDOWS\WinSxS\amd64_microsoft.windows.common-controls_6595b64144ccf1df_6.0.18362.1139_none_9e7bf2d3e4605ac6\COMCTL32.dll
0x00007ffc33930000 - 0x00007ffc339ce000 	C:\WINDOWS\System32\msvcrt.dll
0x00007ffc32d70000 - 0x00007ffc330a5000 	C:\WINDOWS\System32\combase.dll
0x00007ffc341a0000 - 0x00007ffc342c0000 	C:\WINDOWS\System32\RPCRT4.dll
0x00007ffc31be0000 - 0x00007ffc31c60000 	C:\WINDOWS\System32\bcryptPrimitives.dll
0x00007ffc345c0000 - 0x00007ffc345ee000 	C:\WINDOWS\System32\IMM32.DLL
0x00007ffc23d90000 - 0x00007ffc23e2b000 	C:\Users\Leshou\.p2\pool\plugins\org.eclipse.justj.openjdk.hotspot.jre.full.win32.x86_64_14.0.2.v20200815-0932\jre\bin\msvcp140.dll
0x00007ffb9eb00000 - 0x00007ffb9f61e000 	C:\Users\Leshou\.p2\pool\plugins\org.eclipse.justj.openjdk.hotspot.jre.full.win32.x86_64_14.0.2.v20200815-0932\jre\bin\server\jvm.dll
0x00007ffc347f0000 - 0x00007ffc34893000 	C:\WINDOWS\System32\ADVAPI32.dll
0x00007ffc33fb0000 - 0x00007ffc34047000 	C:\WINDOWS\System32\sechost.dll
0x00007ffc33e40000 - 0x00007ffc33e48000 	C:\WINDOWS\System32\PSAPI.DLL
0x00007ffc238f0000 - 0x00007ffc238f9000 	C:\WINDOWS\SYSTEM32\WSOCK32.dll
0x00007ffc34550000 - 0x00007ffc345bf000 	C:\WINDOWS\System32\WS2_32.dll
0x00007ffc2bfc0000 - 0x00007ffc2bfe4000 	C:\WINDOWS\SYSTEM32\WINMM.dll
0x00007ffc27850000 - 0x00007ffc2785a000 	C:\WINDOWS\SYSTEM32\VERSION.dll
0x00007ffc2bf20000 - 0x00007ffc2bf4d000 	C:\WINDOWS\SYSTEM32\WINMMBASE.dll
0x00007ffc31b90000 - 0x00007ffc31bda000 	C:\WINDOWS\System32\cfgmgr32.dll
0x00007ffc31ad0000 - 0x00007ffc31ae1000 	C:\WINDOWS\System32\kernel.appcore.dll
0x00007ffc08340000 - 0x00007ffc0834a000 	C:\Users\Leshou\.p2\pool\plugins\org.eclipse.justj.openjdk.hotspot.jre.full.win32.x86_64_14.0.2.v20200815-0932\jre\bin\jimage.dll
0x00007ffc25f90000 - 0x00007ffc26184000 	C:\WINDOWS\SYSTEM32\DBGHELP.DLL
0x00007ffc25f60000 - 0x00007ffc25f8a000 	C:\WINDOWS\SYSTEM32\dbgcore.DLL
0x00007ffc24180000 - 0x00007ffc241b8000 	C:\Users\Leshou\.p2\pool\plugins\org.eclipse.justj.openjdk.hotspot.jre.full.win32.x86_64_14.0.2.v20200815-0932\jre\bin\jdwp.dll
0x00007ffbf5ab0000 - 0x00007ffbf5ad5000 	C:\Users\Leshou\.p2\pool\plugins\org.eclipse.justj.openjdk.hotspot.jre.full.win32.x86_64_14.0.2.v20200815-0932\jre\bin\java.dll
0x00007ffc2f3d0000 - 0x00007ffc2f3de000 	C:\Users\Leshou\.p2\pool\plugins\org.eclipse.justj.openjdk.hotspot.jre.full.win32.x86_64_14.0.2.v20200815-0932\jre\bin\instrument.dll
0x00007ffc001f0000 - 0x00007ffc00206000 	C:\Users\Leshou\.p2\pool\plugins\org.eclipse.justj.openjdk.hotspot.jre.full.win32.x86_64_14.0.2.v20200815-0932\jre\bin\zip.dll
0x00007ffc33240000 - 0x00007ffc33927000 	C:\WINDOWS\System32\SHELL32.dll
0x00007ffc34740000 - 0x00007ffc347e9000 	C:\WINDOWS\System32\shcore.dll
0x00007ffc324a0000 - 0x00007ffc32c20000 	C:\WINDOWS\System32\windows.storage.dll
0x00007ffc31b60000 - 0x00007ffc31b83000 	C:\WINDOWS\System32\profapi.dll
0x00007ffc31af0000 - 0x00007ffc31b3a000 	C:\WINDOWS\System32\powrprof.dll
0x00007ffc31ac0000 - 0x00007ffc31ad0000 	C:\WINDOWS\System32\UMPDC.dll
0x00007ffc33130000 - 0x00007ffc33182000 	C:\WINDOWS\System32\shlwapi.dll
0x00007ffc32300000 - 0x00007ffc32317000 	C:\WINDOWS\System32\cryptsp.dll
0x00007ffbf5a90000 - 0x00007ffbf5aa9000 	C:\Users\Leshou\.p2\pool\plugins\org.eclipse.justj.openjdk.hotspot.jre.full.win32.x86_64_14.0.2.v20200815-0932\jre\bin\net.dll
0x00007ffc2a0d0000 - 0x00007ffc2a1c0000 	C:\WINDOWS\SYSTEM32\WINHTTP.dll
0x00007ffc31310000 - 0x00007ffc31377000 	C:\WINDOWS\system32\mswsock.dll
0x00007ffbf5a70000 - 0x00007ffbf5a82000 	C:\Users\Leshou\.p2\pool\plugins\org.eclipse.justj.openjdk.hotspot.jre.full.win32.x86_64_14.0.2.v20200815-0932\jre\bin\nio.dll
0x00007ffc2f310000 - 0x00007ffc2f31b000 	C:\Users\Leshou\.p2\pool\plugins\org.eclipse.justj.openjdk.hotspot.jre.full.win32.x86_64_14.0.2.v20200815-0932\jre\bin\dt_socket.dll
0x00007ffc31020000 - 0x00007ffc3105a000 	C:\WINDOWS\SYSTEM32\IPHLPAPI.DLL
0x00007ffc31070000 - 0x00007ffc3113b000 	C:\WINDOWS\SYSTEM32\DNSAPI.dll
0x00007ffc34a10000 - 0x00007ffc34a18000 	C:\WINDOWS\System32\NSI.dll
0x00007ffc2b9a0000 - 0x00007ffc2b9aa000 	C:\Windows\System32\rasadhlp.dll
0x00007ffc2b9c0000 - 0x00007ffc2ba37000 	C:\WINDOWS\System32\fwpuclnt.dll
0x00007ffc32c80000 - 0x00007ffc32ca6000 	C:\WINDOWS\System32\bcrypt.dll
0x00007ffc04ae0000 - 0x00007ffc04af0000 	C:\Users\Leshou\.p2\pool\plugins\org.eclipse.justj.openjdk.hotspot.jre.full.win32.x86_64_14.0.2.v20200815-0932\jre\bin\verify.dll

dbghelp: loaded successfully - version: 4.0.5 - missing functions: none
symbol engine: initialized successfully - sym options: 0x614 - pdb path: .;C:\Users\Leshou\.p2\pool\plugins\org.eclipse.justj.openjdk.hotspot.jre.full.win32.x86_64_14.0.2.v20200815-0932\jre\bin;C:\WINDOWS\SYSTEM32;C:\Program Files (x86)\AVG\Antivirus;C:\WINDOWS\WinSxS\amd64_microsoft.windows.common-controls_6595b64144ccf1df_6.0.18362.1139_none_9e7bf2d3e4605ac6;C:\Users\Leshou\.p2\pool\plugins\org.eclipse.justj.openjdk.hotspot.jre.full.win32.x86_64_14.0.2.v20200815-0932\jre\bin\server

VM Arguments:
jvm_args: -XX:+ShowCodeDetailsInExceptionMessages -agentlib:jdwp=transport=dt_socket,suspend=y,address=localhost:53536 -javaagent:D:\PROGRAMAS INSTALADOS\jee-2020-092\eclipse\configuration\org.eclipse.osgi\406\0\.cp\lib\javaagent-shaded.jar -Dfile.encoding=Cp1252 --module-path=D:\PROGRAMAS INSTALADOS\jee-2020-092\Ejercicios\bin -Djdk.module.main=Ejercicios 
java_command: Ejercicios/com.ipartek.ejercicios.Excepciones.Ejercicio4ArrayList
java_class_path (initial): <not set>
Launcher Type: SUN_STANDARD

[Global flags]
     intx CICompilerCount                          = 4                                         {product} {ergonomic}
     uint ConcGCThreads                            = 2                                         {product} {ergonomic}
     uint G1ConcRefinementThreads                  = 8                                         {product} {ergonomic}
   size_t G1HeapRegionSize                         = 1048576                                   {product} {ergonomic}
    uintx GCDrainStackTargetSize                   = 64                                        {product} {ergonomic}
   size_t InitialHeapSize                          = 268435456                                 {product} {ergonomic}
   size_t MarkStackSize                            = 4194304                                   {product} {ergonomic}
   size_t MaxHeapSize                              = 4271898624                                {product} {ergonomic}
   size_t MaxNewSize                               = 2562719744                                {product} {ergonomic}
   size_t MinHeapDeltaBytes                        = 1048576                                   {product} {ergonomic}
   size_t MinHeapSize                              = 8388608                                   {product} {ergonomic}
    uintx NonNMethodCodeHeapSize                   = 5839372                                {pd product} {ergonomic}
    uintx NonProfiledCodeHeapSize                  = 122909434                              {pd product} {ergonomic}
    uintx ProfiledCodeHeapSize                     = 122909434                              {pd product} {ergonomic}
    uintx ReservedCodeCacheSize                    = 251658240                              {pd product} {ergonomic}
     bool SegmentedCodeCache                       = true                                      {product} {ergonomic}
     bool ShowCodeDetailsInExceptionMessages       = true                                   {manageable} {command line}
   size_t SoftMaxHeapSize                          = 4271898624                             {manageable} {ergonomic}
     bool UseCompressedClassPointers               = true                                 {lp64_product} {ergonomic}
     bool UseCompressedOops                        = true                                 {lp64_product} {ergonomic}
     bool UseG1GC                                  = true                                      {product} {ergonomic}
     bool UseLargePagesIndividualAllocation        = false                                  {pd product} {ergonomic}

Logging:
Log output configuration:
 #0: stdout all=warning uptime,level,tags
 #1: stderr all=off uptime,level,tags

Environment Variables:
PATH=C:\Users\Leshou\.p2\pool\plugins\org.eclipse.justj.openjdk.hotspot.jre.full.win32.x86_64_14.0.2.v20200815-0932\jre\bin;C:/Users/Leshou/.p2/pool/plugins/org.eclipse.justj.openjdk.hotspot.jre.full.win32.x86_64_14.0.2.v20200815-0932/jre/bin/server;C:/Users/Leshou/.p2/pool/plugins/org.eclipse.justj.openjdk.hotspot.jre.full.win32.x86_64_14.0.2.v20200815-0932/jre/bin;D:\JAVAEE\JDK\bin;C:\ProgramData\Oracle\Java\javapath;C:\Program Files (x86)\Intel\iCLS Client\;C:\Program Files\Intel\iCLS Client\;C:\WINDOWS\system32;C:\WINDOWS;C:\WINDOWS\System32\Wbem;C:\WINDOWS\System32\WindowsPowerShell\v1.0\;C:\Program Files (x86)\Intel\Intel(R) Management Engine Components\DAL;C:\Program Files\Intel\Intel(R) Management Engine Components\DAL;C:\Program Files (x86)\Intel\Intel(R) Management Engine Components\IPT;C:\Program Files\Intel\Intel(R) Management Engine Components\IPT;C:\Program Files\Intel\WiFi\bin\;C:\Program Files\Common Files\Intel\WirelessCommon\;C:\Program Files (x86)\NVIDIA Corporation\PhysX\Common;C:\WINDOWS\System32\OpenSSH\;C:\Program Files\NVIDIA Corporation\NVIDIA NvDLISR;C:\WINDOWS\system32;C:\WINDOWS;C:\WINDOWS\System32\Wbem;C:\WINDOWS\System32\WindowsPowerShell\v1.0\;C:\WINDOWS\System32\OpenSSH\;D:\PROGRAMAS INSTALADOS\Insitu\;D:\PROGRAMAS INSTALADOS\Node\;C:\Program Files\AutoFirma\AutoFirma;C:\Program Files\Intel\WiFi\bin\;C:\Program Files\Common Files\Intel\WirelessCommon\;C:\Users\Leshou\AppData\Local\Microsoft\WindowsApps;;D:\PROGRAMAS INSTALADOS\Microsoft VS Code\bin;C:\Users\Leshou\AppData\Roaming\npm;C:\Users\Leshou\Desktop;
USERNAME=Leshou
OS=Windows_NT
PROCESSOR_IDENTIFIER=Intel64 Family 6 Model 94 Stepping 3, GenuineIntel



---------------  S Y S T E M  ---------------

OS: Windows 10 , 64 bit Build 18362 (10.0.18362.1110)
OS uptime: 0 days 1:26 hours

CPU:total 8 (initial active 8) (4 cores per cpu, 2 threads per core) family 6 model 94 stepping 3, cmov, cx8, fxsr, mmx, sse, sse2, sse3, ssse3, sse4.1, sse4.2, popcnt, avx, avx2, aes, clmul, erms, rtm, 3dnowpref, lzcnt, ht, tsc, tscinvbit, bmi1, bmi2, adx, fma

Memory: 4k page, system-wide physical 16289M (8271M free)
TotalPageFile size 17313M (AvailPageFile size 6599M)
current process WorkingSet (physical memory assigned to process): 50M, peak: 51M
current process commit charge ("private bytes"): 346M, peak: 348M

vm_info: OpenJDK 64-Bit Server VM (14.0.2+12-46) for windows-amd64 JRE (14.0.2+12-46), built on Jul  9 2020 00:31:16 by "mach5one" with MS VC++ 15.9 (VS2017)

END.
