#
# A fatal error has been detected by the Java Runtime Environment:
#
#  EXCEPTION_ACCESS_VIOLATION (0xc0000005) at pc=0x00007fff05ee1155, pid=8504, tid=18772
#
# JRE version: OpenJDK Runtime Environment (14.0.2+12) (build 14.0.2+12-46)
# Java VM: OpenJDK 64-Bit Server VM (14.0.2+12-46, mixed mode, tiered, compressed oops, g1 gc, windows-amd64)
# Problematic frame:
# V  [jvm.dll+0x5a1155]
#
# No core dump will be written. Minidumps are not enabled by default on client versions of Windows
#
# If you would like to submit a bug report, please visit:
#   https://bugreport.java.com/bugreport/crash.jsp
#

---------------  S U M M A R Y ------------

Command Line: -XX:+ShowCodeDetailsInExceptionMessages -agentlib:jdwp=transport=dt_socket,suspend=y,address=localhost:62618 -javaagent:D:\PROGRAMAS INSTALADOS\jee-2020-092\eclipse\configuration\org.eclipse.osgi\406\0\.cp\lib\javaagent-shaded.jar -Dfile.encoding=Cp1252 --module-path=D:\PROGRAMAS INSTALADOS\jee-2020-092\Ejercicios\bin -Djdk.module.main=Ejercicios Ejercicios/com.ipartek.ejercicios.Excepciones.Ejercicio4

Host: Intel(R) Core(TM) i7-6700HQ CPU @ 2.60GHz, 8 cores, 15G,  Windows 10 , 64 bit Build 18362 (10.0.18362.1110)
Time: Mon Oct 19 13:41:33 2020 Hora de verano romance elapsed time: 447 seconds (0d 0h 7m 27s)

---------------  T H R E A D  ---------------

Current thread (0x00000186fb08d800):  VMThread "VM Thread" [stack: 0x0000007928200000,0x0000007928300000] [id=18772]

Stack: [0x0000007928200000,0x0000007928300000],  sp=0x00000079282ff378,  free space=1020k
Native frames: (J=compiled Java code, j=interpreted, Vv=VM code, C=native code)
V  [jvm.dll+0x5a1155]


siginfo: EXCEPTION_ACCESS_VIOLATION (0xc0000005), reading address 0x00007fffca1cb898


Register to memory mapping:

RIP=0x00007fff05ee1155 jvm.dll
RAX=0x00007fffca1cb830 is an unknown value
RBX=0x0 is NULL
RCX=0x00000186fc9882b8 is pointing into metadata
RDX=0x00000186d9e83801 points into unknown readable memory: ab 1e 06 ff 7f 00 00
RSP=0x00000079282ff378 points into unknown readable memory: 2a 20 04 06 ff 7f 00 00
RBP=0x00007fff05ee1150 jvm.dll
RSI=0x00000186d9e83800 is a thread
RDI=0x0 is NULL
R8 =0x000000005c806401 is an unknown value
R9 =0x000000007ffee000 points into unknown readable memory: 48 61 6c 54 00 00 00 00
R10=0x00000000546c6148 is an unknown value
R11=0xfffffffff6acb04a is an unknown value
R12=0x00007fff0614c720 jvm.dll
R13=0x00007fff063c61d0 jvm.dll
R14=0x00000186fb910478 points into unknown readable memory: 86 56 df 0e 5d 57 09 10
R15=0x00000000000003d8 is an unknown value


Registers:
RAX=0x00007fffca1cb830, RBX=0x0000000000000000, RCX=0x00000186fc9882b8, RDX=0x00000186d9e83801
RSP=0x00000079282ff378, RBP=0x00007fff05ee1150, RSI=0x00000186d9e83800, RDI=0x0000000000000000
R8 =0x000000005c806401, R9 =0x000000007ffee000, R10=0x00000000546c6148, R11=0xfffffffff6acb04a
R12=0x00007fff0614c720, R13=0x00007fff063c61d0, R14=0x00000186fb910478, R15=0x00000000000003d8
RIP=0x00007fff05ee1155, EFLAGS=0x0000000000010206

Top of Stack: (sp=0x00000079282ff378)
0x00000079282ff378:   00007fff0604202a 0000000000000000
0x00000079282ff388:   0000000000000000 0000000000000000
0x00000079282ff398:   0000000000000000 00000079282ff430
0x00000079282ff3a8:   00007fff060441c0 00000186fc1d7f80
0x00000079282ff3b8:   0000000000000000 000000000000000e
0x00000079282ff3c8:   00007fff061a57c0 00000079282ff430
0x00000079282ff3d8:   00007fff06048077 0000000000000001
0x00000079282ff3e8:   00000186fb9100a0 0000000000000001
0x00000079282ff3f8:   0000000000000000 00000079282ff530
0x00000079282ff408:   00007fff060446df 0000000000000001
0x00000079282ff418:   0000000000000001 00000079282ff508
0x00000079282ff428:   0000000000000001 00007fff061ebde0
0x00000079282ff438:   00007fff05ee1150 0000000000000000
0x00000079282ff448:   00007fff05ee0fe5 0000000000000000
0x00000079282ff458:   0000007900000000 0000000000000001
0x00000079282ff468:   00007fff0604bf54 00000186fb910090 

Instructions: (pc=0x00007fff05ee1155)
0x00007fff05ee1055:   cc cc cc cc cc cc cc cc cc cc cc 48 89 5c 24 18
0x00007fff05ee1065:   55 48 83 ec 20 48 8b 1d 5f 3f 4b 00 48 85 db 74
0x00007fff05ee1075:   17 48 8b 05 43 3f 4b 00 48 89 83 08 02 00 00 48
0x00007fff05ee1085:   89 1d 35 3f 4b 00 eb 07 48 8b 1d 2c 3f 4b 00 33
0x00007fff05ee1095:   ed 48 89 2d 33 3f 4b 00 48 85 db 74 7e 48 89 74
0x00007fff05ee10a5:   24 30 48 89 7c 24 38 0f 1f 40 00 48 8b b3 00 02
0x00007fff05ee10b5:   00 00 48 8b fd 48 2b f3 48 c1 ee 03 48 85 f6 74
0x00007fff05ee10c5:   1e 66 66 0f 1f 84 00 00 00 00 00 48 8b 0c fb 33
0x00007fff05ee10d5:   d2 48 8b 01 ff 50 68 48 ff c7 48 3b fe 72 ec 48
0x00007fff05ee10e5:   8b 8b 08 02 00 00 48 89 ab 08 02 00 00 48 89 9b
0x00007fff05ee10f5:   00 02 00 00 48 8b 05 c8 3e 4b 00 48 89 83 10 02
0x00007fff05ee1105:   00 00 48 89 1d ba 3e 4b 00 48 8b d9 48 85 c9 75
0x00007fff05ee1115:   9a 48 8b 7c 24 38 48 8b 74 24 30 48 8b 5c 24 40
0x00007fff05ee1125:   48 89 2d 94 3e 4b 00 48 83 c4 20 5d c3 cc cc cc
0x00007fff05ee1135:   cc cc cc cc cc cc cc cc cc cc cc 48 8b 02 48 8b
0x00007fff05ee1145:   ca b2 01 48 ff 60 68 cc cc cc cc 48 8b 01 b2 01
0x00007fff05ee1155:   48 ff 60 68 cc cc cc cc cc cc cc 40 53 48 83 ec
0x00007fff05ee1165:   20 48 8b 15 63 3e 4b 00 48 8b d9 48 85 d2 74 21
0x00007fff05ee1175:   48 8d 82 00 02 00 00 48 39 00 75 72 48 8b 05 38
0x00007fff05ee1185:   3e 4b 00 48 89 82 08 02 00 00 48 89 15 2a 3e 4b
0x00007fff05ee1195:   00 48 8b 15 2b 3e 4b 00 48 85 d2 74 10 48 8b 82
0x00007fff05ee11a5:   10 02 00 00 48 89 05 18 3e 4b 00 eb 3a 45 33 c0
0x00007fff05ee11b5:   b9 18 02 00 00 41 8d 50 08 e8 ad 18 b0 ff 48 8b
0x00007fff05ee11c5:   d0 48 85 c0 74 1f 48 89 80 00 02 00 00 48 c7 80
0x00007fff05ee11d5:   08 02 00 00 00 00 00 00 48 c7 80 10 02 00 00 00
0x00007fff05ee11e5:   00 00 00 eb 02 33 d2 48 89 15 dd 3d 4b 00 48 8b
0x00007fff05ee11f5:   82 00 02 00 00 48 89 18 48 83 82 00 02 00 00 08
0x00007fff05ee1205:   48 83 c4 20 5b c3 cc cc cc cc cc 48 89 4c 24 08
0x00007fff05ee1215:   48 89 54 24 10 4c 89 44 24 18 4c 89 4c 24 20 48
0x00007fff05ee1225:   83 ec 28 4c 8b c1 4c 8d 4c 24 38 48 8d 0d c9 dc
0x00007fff05ee1235:   49 00 ba 01 00 00 00 e8 bf a3 f5 ff 48 83 c4 28
0x00007fff05ee1245:   c3 cc cc cc cc cc cc cc cc cc cc 48 89 5c 24 08 


Stack slot to memory mapping:
stack at sp + 0 slots: 0x00007fff0604202a jvm.dll
stack at sp + 1 slots: 0x0 is NULL
stack at sp + 2 slots: 0x0 is NULL
stack at sp + 3 slots: 0x0 is NULL
stack at sp + 4 slots: 0x0 is NULL
stack at sp + 5 slots: 0x00000079282ff430 points into unknown readable memory: e0 bd 1e 06 ff 7f 00 00
stack at sp + 6 slots: 0x00007fff060441c0 jvm.dll
stack at sp + 7 slots: 0x00000186fc1d7f80 points into unknown readable memory: 00 38 e8 d9 86 01 00 00

VM_Operation (0x0000007928cff0d0): RedefineClasses, mode: safepoint, requested by thread 0x00000186fbc6b000


---------------  P R O C E S S  ---------------

Threads class SMR info:
_java_thread_list=0x00000186fc279740, length=14, elements={
0x00000186d9e83800, 0x00000186fb969800, 0x00000186fb972000, 0x00000186fb991800,
0x00000186fb992800, 0x00000186fb9b3800, 0x00000186fb9b4000, 0x00000186fb9b6000,
0x00000186fba01800, 0x00000186fb911000, 0x00000186fbc6b000, 0x00000186fbc6e000,
0x00000186fbc71000, 0x00000186fc15a800
}

Java Threads: ( => current thread )
  0x00000186d9e83800 JavaThread "main" [_thread_blocked, id=3140, stack(0x0000007927c00000,0x0000007927d00000)]
  0x00000186fb969800 JavaThread "Reference Handler" daemon [_thread_blocked, id=8292, stack(0x0000007928300000,0x0000007928400000)]
  0x00000186fb972000 JavaThread "Finalizer" daemon [_thread_blocked, id=5292, stack(0x0000007928400000,0x0000007928500000)]
  0x00000186fb991800 JavaThread "Signal Dispatcher" daemon [_thread_blocked, id=9048, stack(0x0000007928500000,0x0000007928600000)]
  0x00000186fb992800 JavaThread "Attach Listener" daemon [_thread_blocked, id=19564, stack(0x0000007928600000,0x0000007928700000)]
  0x00000186fb9b3800 JavaThread "Service Thread" daemon [_thread_blocked, id=5520, stack(0x0000007928700000,0x0000007928800000)]
  0x00000186fb9b4000 JavaThread "C2 CompilerThread0" daemon [_thread_blocked, id=19096, stack(0x0000007928800000,0x0000007928900000)]
  0x00000186fb9b6000 JavaThread "C1 CompilerThread0" daemon [_thread_blocked, id=7592, stack(0x0000007928900000,0x0000007928a00000)]
  0x00000186fba01800 JavaThread "Sweeper thread" daemon [_thread_blocked, id=16900, stack(0x0000007928a00000,0x0000007928b00000)]
  0x00000186fb911000 JavaThread "Common-Cleaner" daemon [_thread_blocked, id=19128, stack(0x0000007928b00000,0x0000007928c00000)]
  0x00000186fbc6b000 JavaThread "JDWP Transport Listener: dt_socket" daemon [_thread_blocked, id=424, stack(0x0000007928c00000,0x0000007928d00000)]
  0x00000186fbc6e000 JavaThread "JDWP Event Helper Thread" daemon [_thread_blocked, id=7868, stack(0x0000007928d00000,0x0000007928e00000)]
  0x00000186fbc71000 JavaThread "JDWP Command Reader" daemon [_thread_in_native, id=20096, stack(0x0000007928e00000,0x0000007928f00000)]
  0x00000186fc15a800 JavaThread "Notification Thread" daemon [_thread_blocked, id=16388, stack(0x0000007928f00000,0x0000007929000000)]

Other Threads:
=>0x00000186fb08d800 VMThread "VM Thread" [stack: 0x0000007928200000,0x0000007928300000] [id=18772]
  0x00000186fc1a4800 WatcherThread [stack: 0x0000007929000000,0x0000007929100000] [id=2456]
  0x00000186d9eea000 GCTaskThread "GC Thread#0" [stack: 0x0000007927d00000,0x0000007927e00000] [id=3964]
  0x00000186d9f0c000 ConcurrentGCThread "G1 Main Marker" [stack: 0x0000007927e00000,0x0000007927f00000] [id=17816]
  0x00000186d9f0d800 ConcurrentGCThread "G1 Conc#0" [stack: 0x0000007927f00000,0x0000007928000000] [id=18536]
  0x00000186faf71000 ConcurrentGCThread "G1 Refine#0" [stack: 0x0000007928000000,0x0000007928100000] [id=3380]
  0x00000186faf72000 ConcurrentGCThread "G1 Young RemSet Sampling" [stack: 0x0000007928100000,0x0000007928200000] [id=18676]

Threads with active compile tasks:
C1 CompilerThread0   447875  412       3       org.eclipse.jdt.launching.internal.org.objectweb.asm.ClassReader::readUtf (44 bytes)

VM state:at safepoint (normal execution)

VM Mutex/Monitor currently owned by a thread:  ([mutex/lock_event])
[0x00000186d9e7f880] Threads_lock - owner thread: 0x00000186fb08d800

Heap address: 0x0000000701600000, size: 4074 MB, Compressed Oops mode: Zero based, Oop shift amount: 3
Narrow klass base: 0x0000000800000000, Narrow klass shift: 0
Compressed class space size: 1073741824 Address: 0x0000000800000000

Heap:
 garbage-first heap   total 262144K, used 4096K [0x0000000701600000, 0x0000000800000000)
  region size 1024K, 5 young (5120K), 0 survivors (0K)
 Metaspace       used 9527K, capacity 9641K, committed 9984K, reserved 1058816K
  class space    used 862K, capacity 912K, committed 1024K, reserved 1048576K
Heap Regions: E=young(eden), S=young(survivor), O=old, HS=humongous(starts), HC=humongous(continues), CS=collection set, F=free, OA=open archive, CA=closed archive, TAMS=top-at-mark-start (previous, next)
|   0|0x0000000701600000, 0x0000000701600000, 0x0000000701700000|  0%| F|  |TAMS 0x0000000701600000, 0x0000000701600000| Untracked 
|   1|0x0000000701700000, 0x0000000701700000, 0x0000000701800000|  0%| F|  |TAMS 0x0000000701700000, 0x0000000701700000| Untracked 
|   2|0x0000000701800000, 0x0000000701800000, 0x0000000701900000|  0%| F|  |TAMS 0x0000000701800000, 0x0000000701800000| Untracked 
|   3|0x0000000701900000, 0x0000000701900000, 0x0000000701a00000|  0%| F|  |TAMS 0x0000000701900000, 0x0000000701900000| Untracked 
|   4|0x0000000701a00000, 0x0000000701a00000, 0x0000000701b00000|  0%| F|  |TAMS 0x0000000701a00000, 0x0000000701a00000| Untracked 
|   5|0x0000000701b00000, 0x0000000701b00000, 0x0000000701c00000|  0%| F|  |TAMS 0x0000000701b00000, 0x0000000701b00000| Untracked 
|   6|0x0000000701c00000, 0x0000000701c00000, 0x0000000701d00000|  0%| F|  |TAMS 0x0000000701c00000, 0x0000000701c00000| Untracked 
|   7|0x0000000701d00000, 0x0000000701d00000, 0x0000000701e00000|  0%| F|  |TAMS 0x0000000701d00000, 0x0000000701d00000| Untracked 
|   8|0x0000000701e00000, 0x0000000701e00000, 0x0000000701f00000|  0%| F|  |TAMS 0x0000000701e00000, 0x0000000701e00000| Untracked 
|   9|0x0000000701f00000, 0x0000000701f00000, 0x0000000702000000|  0%| F|  |TAMS 0x0000000701f00000, 0x0000000701f00000| Untracked 
|  10|0x0000000702000000, 0x0000000702000000, 0x0000000702100000|  0%| F|  |TAMS 0x0000000702000000, 0x0000000702000000| Untracked 
|  11|0x0000000702100000, 0x0000000702100000, 0x0000000702200000|  0%| F|  |TAMS 0x0000000702100000, 0x0000000702100000| Untracked 
|  12|0x0000000702200000, 0x0000000702200000, 0x0000000702300000|  0%| F|  |TAMS 0x0000000702200000, 0x0000000702200000| Untracked 
|  13|0x0000000702300000, 0x0000000702300000, 0x0000000702400000|  0%| F|  |TAMS 0x0000000702300000, 0x0000000702300000| Untracked 
|  14|0x0000000702400000, 0x0000000702400000, 0x0000000702500000|  0%| F|  |TAMS 0x0000000702400000, 0x0000000702400000| Untracked 
|  15|0x0000000702500000, 0x0000000702500000, 0x0000000702600000|  0%| F|  |TAMS 0x0000000702500000, 0x0000000702500000| Untracked 
|  16|0x0000000702600000, 0x0000000702600000, 0x0000000702700000|  0%| F|  |TAMS 0x0000000702600000, 0x0000000702600000| Untracked 
|  17|0x0000000702700000, 0x0000000702700000, 0x0000000702800000|  0%| F|  |TAMS 0x0000000702700000, 0x0000000702700000| Untracked 
|  18|0x0000000702800000, 0x0000000702800000, 0x0000000702900000|  0%| F|  |TAMS 0x0000000702800000, 0x0000000702800000| Untracked 
|  19|0x0000000702900000, 0x0000000702900000, 0x0000000702a00000|  0%| F|  |TAMS 0x0000000702900000, 0x0000000702900000| Untracked 
|  20|0x0000000702a00000, 0x0000000702a00000, 0x0000000702b00000|  0%| F|  |TAMS 0x0000000702a00000, 0x0000000702a00000| Untracked 
|  21|0x0000000702b00000, 0x0000000702b00000, 0x0000000702c00000|  0%| F|  |TAMS 0x0000000702b00000, 0x0000000702b00000| Untracked 
|  22|0x0000000702c00000, 0x0000000702c00000, 0x0000000702d00000|  0%| F|  |TAMS 0x0000000702c00000, 0x0000000702c00000| Untracked 
|  23|0x0000000702d00000, 0x0000000702d00000, 0x0000000702e00000|  0%| F|  |TAMS 0x0000000702d00000, 0x0000000702d00000| Untracked 
|  24|0x0000000702e00000, 0x0000000702e00000, 0x0000000702f00000|  0%| F|  |TAMS 0x0000000702e00000, 0x0000000702e00000| Untracked 
|  25|0x0000000702f00000, 0x0000000702f00000, 0x0000000703000000|  0%| F|  |TAMS 0x0000000702f00000, 0x0000000702f00000| Untracked 
|  26|0x0000000703000000, 0x0000000703000000, 0x0000000703100000|  0%| F|  |TAMS 0x0000000703000000, 0x0000000703000000| Untracked 
|  27|0x0000000703100000, 0x0000000703100000, 0x0000000703200000|  0%| F|  |TAMS 0x0000000703100000, 0x0000000703100000| Untracked 
|  28|0x0000000703200000, 0x0000000703200000, 0x0000000703300000|  0%| F|  |TAMS 0x0000000703200000, 0x0000000703200000| Untracked 
|  29|0x0000000703300000, 0x0000000703300000, 0x0000000703400000|  0%| F|  |TAMS 0x0000000703300000, 0x0000000703300000| Untracked 
|  30|0x0000000703400000, 0x0000000703400000, 0x0000000703500000|  0%| F|  |TAMS 0x0000000703400000, 0x0000000703400000| Untracked 
|  31|0x0000000703500000, 0x0000000703500000, 0x0000000703600000|  0%| F|  |TAMS 0x0000000703500000, 0x0000000703500000| Untracked 
|  32|0x0000000703600000, 0x0000000703600000, 0x0000000703700000|  0%| F|  |TAMS 0x0000000703600000, 0x0000000703600000| Untracked 
|  33|0x0000000703700000, 0x0000000703700000, 0x0000000703800000|  0%| F|  |TAMS 0x0000000703700000, 0x0000000703700000| Untracked 
|  34|0x0000000703800000, 0x0000000703800000, 0x0000000703900000|  0%| F|  |TAMS 0x0000000703800000, 0x0000000703800000| Untracked 
|  35|0x0000000703900000, 0x0000000703900000, 0x0000000703a00000|  0%| F|  |TAMS 0x0000000703900000, 0x0000000703900000| Untracked 
|  36|0x0000000703a00000, 0x0000000703a00000, 0x0000000703b00000|  0%| F|  |TAMS 0x0000000703a00000, 0x0000000703a00000| Untracked 
|  37|0x0000000703b00000, 0x0000000703b00000, 0x0000000703c00000|  0%| F|  |TAMS 0x0000000703b00000, 0x0000000703b00000| Untracked 
|  38|0x0000000703c00000, 0x0000000703c00000, 0x0000000703d00000|  0%| F|  |TAMS 0x0000000703c00000, 0x0000000703c00000| Untracked 
|  39|0x0000000703d00000, 0x0000000703d00000, 0x0000000703e00000|  0%| F|  |TAMS 0x0000000703d00000, 0x0000000703d00000| Untracked 
|  40|0x0000000703e00000, 0x0000000703e00000, 0x0000000703f00000|  0%| F|  |TAMS 0x0000000703e00000, 0x0000000703e00000| Untracked 
|  41|0x0000000703f00000, 0x0000000703f00000, 0x0000000704000000|  0%| F|  |TAMS 0x0000000703f00000, 0x0000000703f00000| Untracked 
|  42|0x0000000704000000, 0x0000000704000000, 0x0000000704100000|  0%| F|  |TAMS 0x0000000704000000, 0x0000000704000000| Untracked 
|  43|0x0000000704100000, 0x0000000704100000, 0x0000000704200000|  0%| F|  |TAMS 0x0000000704100000, 0x0000000704100000| Untracked 
|  44|0x0000000704200000, 0x0000000704200000, 0x0000000704300000|  0%| F|  |TAMS 0x0000000704200000, 0x0000000704200000| Untracked 
|  45|0x0000000704300000, 0x0000000704300000, 0x0000000704400000|  0%| F|  |TAMS 0x0000000704300000, 0x0000000704300000| Untracked 
|  46|0x0000000704400000, 0x0000000704400000, 0x0000000704500000|  0%| F|  |TAMS 0x0000000704400000, 0x0000000704400000| Untracked 
|  47|0x0000000704500000, 0x0000000704500000, 0x0000000704600000|  0%| F|  |TAMS 0x0000000704500000, 0x0000000704500000| Untracked 
|  48|0x0000000704600000, 0x0000000704600000, 0x0000000704700000|  0%| F|  |TAMS 0x0000000704600000, 0x0000000704600000| Untracked 
|  49|0x0000000704700000, 0x0000000704700000, 0x0000000704800000|  0%| F|  |TAMS 0x0000000704700000, 0x0000000704700000| Untracked 
|  50|0x0000000704800000, 0x0000000704800000, 0x0000000704900000|  0%| F|  |TAMS 0x0000000704800000, 0x0000000704800000| Untracked 
|  51|0x0000000704900000, 0x0000000704900000, 0x0000000704a00000|  0%| F|  |TAMS 0x0000000704900000, 0x0000000704900000| Untracked 
|  52|0x0000000704a00000, 0x0000000704a00000, 0x0000000704b00000|  0%| F|  |TAMS 0x0000000704a00000, 0x0000000704a00000| Untracked 
|  53|0x0000000704b00000, 0x0000000704b00000, 0x0000000704c00000|  0%| F|  |TAMS 0x0000000704b00000, 0x0000000704b00000| Untracked 
|  54|0x0000000704c00000, 0x0000000704c00000, 0x0000000704d00000|  0%| F|  |TAMS 0x0000000704c00000, 0x0000000704c00000| Untracked 
|  55|0x0000000704d00000, 0x0000000704d00000, 0x0000000704e00000|  0%| F|  |TAMS 0x0000000704d00000, 0x0000000704d00000| Untracked 
|  56|0x0000000704e00000, 0x0000000704e00000, 0x0000000704f00000|  0%| F|  |TAMS 0x0000000704e00000, 0x0000000704e00000| Untracked 
|  57|0x0000000704f00000, 0x0000000704f00000, 0x0000000705000000|  0%| F|  |TAMS 0x0000000704f00000, 0x0000000704f00000| Untracked 
|  58|0x0000000705000000, 0x0000000705000000, 0x0000000705100000|  0%| F|  |TAMS 0x0000000705000000, 0x0000000705000000| Untracked 
|  59|0x0000000705100000, 0x0000000705100000, 0x0000000705200000|  0%| F|  |TAMS 0x0000000705100000, 0x0000000705100000| Untracked 
|  60|0x0000000705200000, 0x0000000705200000, 0x0000000705300000|  0%| F|  |TAMS 0x0000000705200000, 0x0000000705200000| Untracked 
|  61|0x0000000705300000, 0x0000000705300000, 0x0000000705400000|  0%| F|  |TAMS 0x0000000705300000, 0x0000000705300000| Untracked 
|  62|0x0000000705400000, 0x0000000705400000, 0x0000000705500000|  0%| F|  |TAMS 0x0000000705400000, 0x0000000705400000| Untracked 
|  63|0x0000000705500000, 0x0000000705500000, 0x0000000705600000|  0%| F|  |TAMS 0x0000000705500000, 0x0000000705500000| Untracked 
|  64|0x0000000705600000, 0x0000000705600000, 0x0000000705700000|  0%| F|  |TAMS 0x0000000705600000, 0x0000000705600000| Untracked 
|  65|0x0000000705700000, 0x0000000705700000, 0x0000000705800000|  0%| F|  |TAMS 0x0000000705700000, 0x0000000705700000| Untracked 
|  66|0x0000000705800000, 0x0000000705800000, 0x0000000705900000|  0%| F|  |TAMS 0x0000000705800000, 0x0000000705800000| Untracked 
|  67|0x0000000705900000, 0x0000000705900000, 0x0000000705a00000|  0%| F|  |TAMS 0x0000000705900000, 0x0000000705900000| Untracked 
|  68|0x0000000705a00000, 0x0000000705a00000, 0x0000000705b00000|  0%| F|  |TAMS 0x0000000705a00000, 0x0000000705a00000| Untracked 
|  69|0x0000000705b00000, 0x0000000705b00000, 0x0000000705c00000|  0%| F|  |TAMS 0x0000000705b00000, 0x0000000705b00000| Untracked 
|  70|0x0000000705c00000, 0x0000000705c00000, 0x0000000705d00000|  0%| F|  |TAMS 0x0000000705c00000, 0x0000000705c00000| Untracked 
|  71|0x0000000705d00000, 0x0000000705d00000, 0x0000000705e00000|  0%| F|  |TAMS 0x0000000705d00000, 0x0000000705d00000| Untracked 
|  72|0x0000000705e00000, 0x0000000705e00000, 0x0000000705f00000|  0%| F|  |TAMS 0x0000000705e00000, 0x0000000705e00000| Untracked 
|  73|0x0000000705f00000, 0x0000000705f00000, 0x0000000706000000|  0%| F|  |TAMS 0x0000000705f00000, 0x0000000705f00000| Untracked 
|  74|0x0000000706000000, 0x0000000706000000, 0x0000000706100000|  0%| F|  |TAMS 0x0000000706000000, 0x0000000706000000| Untracked 
|  75|0x0000000706100000, 0x0000000706100000, 0x0000000706200000|  0%| F|  |TAMS 0x0000000706100000, 0x0000000706100000| Untracked 
|  76|0x0000000706200000, 0x0000000706200000, 0x0000000706300000|  0%| F|  |TAMS 0x0000000706200000, 0x0000000706200000| Untracked 
|  77|0x0000000706300000, 0x0000000706300000, 0x0000000706400000|  0%| F|  |TAMS 0x0000000706300000, 0x0000000706300000| Untracked 
|  78|0x0000000706400000, 0x0000000706400000, 0x0000000706500000|  0%| F|  |TAMS 0x0000000706400000, 0x0000000706400000| Untracked 
|  79|0x0000000706500000, 0x0000000706500000, 0x0000000706600000|  0%| F|  |TAMS 0x0000000706500000, 0x0000000706500000| Untracked 
|  80|0x0000000706600000, 0x0000000706600000, 0x0000000706700000|  0%| F|  |TAMS 0x0000000706600000, 0x0000000706600000| Untracked 
|  81|0x0000000706700000, 0x0000000706700000, 0x0000000706800000|  0%| F|  |TAMS 0x0000000706700000, 0x0000000706700000| Untracked 
|  82|0x0000000706800000, 0x0000000706800000, 0x0000000706900000|  0%| F|  |TAMS 0x0000000706800000, 0x0000000706800000| Untracked 
|  83|0x0000000706900000, 0x0000000706900000, 0x0000000706a00000|  0%| F|  |TAMS 0x0000000706900000, 0x0000000706900000| Untracked 
|  84|0x0000000706a00000, 0x0000000706a00000, 0x0000000706b00000|  0%| F|  |TAMS 0x0000000706a00000, 0x0000000706a00000| Untracked 
|  85|0x0000000706b00000, 0x0000000706b00000, 0x0000000706c00000|  0%| F|  |TAMS 0x0000000706b00000, 0x0000000706b00000| Untracked 
|  86|0x0000000706c00000, 0x0000000706c00000, 0x0000000706d00000|  0%| F|  |TAMS 0x0000000706c00000, 0x0000000706c00000| Untracked 
|  87|0x0000000706d00000, 0x0000000706d00000, 0x0000000706e00000|  0%| F|  |TAMS 0x0000000706d00000, 0x0000000706d00000| Untracked 
|  88|0x0000000706e00000, 0x0000000706e00000, 0x0000000706f00000|  0%| F|  |TAMS 0x0000000706e00000, 0x0000000706e00000| Untracked 
|  89|0x0000000706f00000, 0x0000000706f00000, 0x0000000707000000|  0%| F|  |TAMS 0x0000000706f00000, 0x0000000706f00000| Untracked 
|  90|0x0000000707000000, 0x0000000707000000, 0x0000000707100000|  0%| F|  |TAMS 0x0000000707000000, 0x0000000707000000| Untracked 
|  91|0x0000000707100000, 0x0000000707100000, 0x0000000707200000|  0%| F|  |TAMS 0x0000000707100000, 0x0000000707100000| Untracked 
|  92|0x0000000707200000, 0x0000000707200000, 0x0000000707300000|  0%| F|  |TAMS 0x0000000707200000, 0x0000000707200000| Untracked 
|  93|0x0000000707300000, 0x0000000707300000, 0x0000000707400000|  0%| F|  |TAMS 0x0000000707300000, 0x0000000707300000| Untracked 
|  94|0x0000000707400000, 0x0000000707400000, 0x0000000707500000|  0%| F|  |TAMS 0x0000000707400000, 0x0000000707400000| Untracked 
|  95|0x0000000707500000, 0x0000000707500000, 0x0000000707600000|  0%| F|  |TAMS 0x0000000707500000, 0x0000000707500000| Untracked 
|  96|0x0000000707600000, 0x0000000707600000, 0x0000000707700000|  0%| F|  |TAMS 0x0000000707600000, 0x0000000707600000| Untracked 
|  97|0x0000000707700000, 0x0000000707700000, 0x0000000707800000|  0%| F|  |TAMS 0x0000000707700000, 0x0000000707700000| Untracked 
|  98|0x0000000707800000, 0x0000000707800000, 0x0000000707900000|  0%| F|  |TAMS 0x0000000707800000, 0x0000000707800000| Untracked 
|  99|0x0000000707900000, 0x0000000707900000, 0x0000000707a00000|  0%| F|  |TAMS 0x0000000707900000, 0x0000000707900000| Untracked 
| 100|0x0000000707a00000, 0x0000000707a00000, 0x0000000707b00000|  0%| F|  |TAMS 0x0000000707a00000, 0x0000000707a00000| Untracked 
| 101|0x0000000707b00000, 0x0000000707b00000, 0x0000000707c00000|  0%| F|  |TAMS 0x0000000707b00000, 0x0000000707b00000| Untracked 
| 102|0x0000000707c00000, 0x0000000707c00000, 0x0000000707d00000|  0%| F|  |TAMS 0x0000000707c00000, 0x0000000707c00000| Untracked 
| 103|0x0000000707d00000, 0x0000000707d00000, 0x0000000707e00000|  0%| F|  |TAMS 0x0000000707d00000, 0x0000000707d00000| Untracked 
| 104|0x0000000707e00000, 0x0000000707e00000, 0x0000000707f00000|  0%| F|  |TAMS 0x0000000707e00000, 0x0000000707e00000| Untracked 
| 105|0x0000000707f00000, 0x0000000707f00000, 0x0000000708000000|  0%| F|  |TAMS 0x0000000707f00000, 0x0000000707f00000| Untracked 
| 106|0x0000000708000000, 0x0000000708000000, 0x0000000708100000|  0%| F|  |TAMS 0x0000000708000000, 0x0000000708000000| Untracked 
| 107|0x0000000708100000, 0x0000000708100000, 0x0000000708200000|  0%| F|  |TAMS 0x0000000708100000, 0x0000000708100000| Untracked 
| 108|0x0000000708200000, 0x0000000708200000, 0x0000000708300000|  0%| F|  |TAMS 0x0000000708200000, 0x0000000708200000| Untracked 
| 109|0x0000000708300000, 0x0000000708300000, 0x0000000708400000|  0%| F|  |TAMS 0x0000000708300000, 0x0000000708300000| Untracked 
| 110|0x0000000708400000, 0x0000000708400000, 0x0000000708500000|  0%| F|  |TAMS 0x0000000708400000, 0x0000000708400000| Untracked 
| 111|0x0000000708500000, 0x0000000708500000, 0x0000000708600000|  0%| F|  |TAMS 0x0000000708500000, 0x0000000708500000| Untracked 
| 112|0x0000000708600000, 0x0000000708600000, 0x0000000708700000|  0%| F|  |TAMS 0x0000000708600000, 0x0000000708600000| Untracked 
| 113|0x0000000708700000, 0x0000000708700000, 0x0000000708800000|  0%| F|  |TAMS 0x0000000708700000, 0x0000000708700000| Untracked 
| 114|0x0000000708800000, 0x0000000708800000, 0x0000000708900000|  0%| F|  |TAMS 0x0000000708800000, 0x0000000708800000| Untracked 
| 115|0x0000000708900000, 0x0000000708900000, 0x0000000708a00000|  0%| F|  |TAMS 0x0000000708900000, 0x0000000708900000| Untracked 
| 116|0x0000000708a00000, 0x0000000708a00000, 0x0000000708b00000|  0%| F|  |TAMS 0x0000000708a00000, 0x0000000708a00000| Untracked 
| 117|0x0000000708b00000, 0x0000000708b00000, 0x0000000708c00000|  0%| F|  |TAMS 0x0000000708b00000, 0x0000000708b00000| Untracked 
| 118|0x0000000708c00000, 0x0000000708c00000, 0x0000000708d00000|  0%| F|  |TAMS 0x0000000708c00000, 0x0000000708c00000| Untracked 
| 119|0x0000000708d00000, 0x0000000708d00000, 0x0000000708e00000|  0%| F|  |TAMS 0x0000000708d00000, 0x0000000708d00000| Untracked 
| 120|0x0000000708e00000, 0x0000000708e00000, 0x0000000708f00000|  0%| F|  |TAMS 0x0000000708e00000, 0x0000000708e00000| Untracked 
| 121|0x0000000708f00000, 0x0000000708f00000, 0x0000000709000000|  0%| F|  |TAMS 0x0000000708f00000, 0x0000000708f00000| Untracked 
| 122|0x0000000709000000, 0x0000000709000000, 0x0000000709100000|  0%| F|  |TAMS 0x0000000709000000, 0x0000000709000000| Untracked 
| 123|0x0000000709100000, 0x0000000709100000, 0x0000000709200000|  0%| F|  |TAMS 0x0000000709100000, 0x0000000709100000| Untracked 
| 124|0x0000000709200000, 0x0000000709200000, 0x0000000709300000|  0%| F|  |TAMS 0x0000000709200000, 0x0000000709200000| Untracked 
| 125|0x0000000709300000, 0x0000000709300000, 0x0000000709400000|  0%| F|  |TAMS 0x0000000709300000, 0x0000000709300000| Untracked 
| 126|0x0000000709400000, 0x0000000709400000, 0x0000000709500000|  0%| F|  |TAMS 0x0000000709400000, 0x0000000709400000| Untracked 
| 127|0x0000000709500000, 0x0000000709500000, 0x0000000709600000|  0%| F|  |TAMS 0x0000000709500000, 0x0000000709500000| Untracked 
| 128|0x0000000709600000, 0x0000000709600000, 0x0000000709700000|  0%| F|  |TAMS 0x0000000709600000, 0x0000000709600000| Untracked 
| 129|0x0000000709700000, 0x0000000709700000, 0x0000000709800000|  0%| F|  |TAMS 0x0000000709700000, 0x0000000709700000| Untracked 
| 130|0x0000000709800000, 0x0000000709800000, 0x0000000709900000|  0%| F|  |TAMS 0x0000000709800000, 0x0000000709800000| Untracked 
| 131|0x0000000709900000, 0x0000000709900000, 0x0000000709a00000|  0%| F|  |TAMS 0x0000000709900000, 0x0000000709900000| Untracked 
| 132|0x0000000709a00000, 0x0000000709a00000, 0x0000000709b00000|  0%| F|  |TAMS 0x0000000709a00000, 0x0000000709a00000| Untracked 
| 133|0x0000000709b00000, 0x0000000709b00000, 0x0000000709c00000|  0%| F|  |TAMS 0x0000000709b00000, 0x0000000709b00000| Untracked 
| 134|0x0000000709c00000, 0x0000000709c00000, 0x0000000709d00000|  0%| F|  |TAMS 0x0000000709c00000, 0x0000000709c00000| Untracked 
| 135|0x0000000709d00000, 0x0000000709d00000, 0x0000000709e00000|  0%| F|  |TAMS 0x0000000709d00000, 0x0000000709d00000| Untracked 
| 136|0x0000000709e00000, 0x0000000709e00000, 0x0000000709f00000|  0%| F|  |TAMS 0x0000000709e00000, 0x0000000709e00000| Untracked 
| 137|0x0000000709f00000, 0x0000000709f00000, 0x000000070a000000|  0%| F|  |TAMS 0x0000000709f00000, 0x0000000709f00000| Untracked 
| 138|0x000000070a000000, 0x000000070a000000, 0x000000070a100000|  0%| F|  |TAMS 0x000000070a000000, 0x000000070a000000| Untracked 
| 139|0x000000070a100000, 0x000000070a100000, 0x000000070a200000|  0%| F|  |TAMS 0x000000070a100000, 0x000000070a100000| Untracked 
| 140|0x000000070a200000, 0x000000070a200000, 0x000000070a300000|  0%| F|  |TAMS 0x000000070a200000, 0x000000070a200000| Untracked 
| 141|0x000000070a300000, 0x000000070a300000, 0x000000070a400000|  0%| F|  |TAMS 0x000000070a300000, 0x000000070a300000| Untracked 
| 142|0x000000070a400000, 0x000000070a400000, 0x000000070a500000|  0%| F|  |TAMS 0x000000070a400000, 0x000000070a400000| Untracked 
| 143|0x000000070a500000, 0x000000070a500000, 0x000000070a600000|  0%| F|  |TAMS 0x000000070a500000, 0x000000070a500000| Untracked 
| 144|0x000000070a600000, 0x000000070a600000, 0x000000070a700000|  0%| F|  |TAMS 0x000000070a600000, 0x000000070a600000| Untracked 
| 145|0x000000070a700000, 0x000000070a700000, 0x000000070a800000|  0%| F|  |TAMS 0x000000070a700000, 0x000000070a700000| Untracked 
| 146|0x000000070a800000, 0x000000070a800000, 0x000000070a900000|  0%| F|  |TAMS 0x000000070a800000, 0x000000070a800000| Untracked 
| 147|0x000000070a900000, 0x000000070a900000, 0x000000070aa00000|  0%| F|  |TAMS 0x000000070a900000, 0x000000070a900000| Untracked 
| 148|0x000000070aa00000, 0x000000070aa00000, 0x000000070ab00000|  0%| F|  |TAMS 0x000000070aa00000, 0x000000070aa00000| Untracked 
| 149|0x000000070ab00000, 0x000000070ab00000, 0x000000070ac00000|  0%| F|  |TAMS 0x000000070ab00000, 0x000000070ab00000| Untracked 
| 150|0x000000070ac00000, 0x000000070ac00000, 0x000000070ad00000|  0%| F|  |TAMS 0x000000070ac00000, 0x000000070ac00000| Untracked 
| 151|0x000000070ad00000, 0x000000070ad00000, 0x000000070ae00000|  0%| F|  |TAMS 0x000000070ad00000, 0x000000070ad00000| Untracked 
| 152|0x000000070ae00000, 0x000000070ae00000, 0x000000070af00000|  0%| F|  |TAMS 0x000000070ae00000, 0x000000070ae00000| Untracked 
| 153|0x000000070af00000, 0x000000070af00000, 0x000000070b000000|  0%| F|  |TAMS 0x000000070af00000, 0x000000070af00000| Untracked 
| 154|0x000000070b000000, 0x000000070b000000, 0x000000070b100000|  0%| F|  |TAMS 0x000000070b000000, 0x000000070b000000| Untracked 
| 155|0x000000070b100000, 0x000000070b100000, 0x000000070b200000|  0%| F|  |TAMS 0x000000070b100000, 0x000000070b100000| Untracked 
| 156|0x000000070b200000, 0x000000070b200000, 0x000000070b300000|  0%| F|  |TAMS 0x000000070b200000, 0x000000070b200000| Untracked 
| 157|0x000000070b300000, 0x000000070b300000, 0x000000070b400000|  0%| F|  |TAMS 0x000000070b300000, 0x000000070b300000| Untracked 
| 158|0x000000070b400000, 0x000000070b400000, 0x000000070b500000|  0%| F|  |TAMS 0x000000070b400000, 0x000000070b400000| Untracked 
| 159|0x000000070b500000, 0x000000070b500000, 0x000000070b600000|  0%| F|  |TAMS 0x000000070b500000, 0x000000070b500000| Untracked 
| 160|0x000000070b600000, 0x000000070b600000, 0x000000070b700000|  0%| F|  |TAMS 0x000000070b600000, 0x000000070b600000| Untracked 
| 161|0x000000070b700000, 0x000000070b700000, 0x000000070b800000|  0%| F|  |TAMS 0x000000070b700000, 0x000000070b700000| Untracked 
| 162|0x000000070b800000, 0x000000070b800000, 0x000000070b900000|  0%| F|  |TAMS 0x000000070b800000, 0x000000070b800000| Untracked 
| 163|0x000000070b900000, 0x000000070b900000, 0x000000070ba00000|  0%| F|  |TAMS 0x000000070b900000, 0x000000070b900000| Untracked 
| 164|0x000000070ba00000, 0x000000070ba00000, 0x000000070bb00000|  0%| F|  |TAMS 0x000000070ba00000, 0x000000070ba00000| Untracked 
| 165|0x000000070bb00000, 0x000000070bb00000, 0x000000070bc00000|  0%| F|  |TAMS 0x000000070bb00000, 0x000000070bb00000| Untracked 
| 166|0x000000070bc00000, 0x000000070bc00000, 0x000000070bd00000|  0%| F|  |TAMS 0x000000070bc00000, 0x000000070bc00000| Untracked 
| 167|0x000000070bd00000, 0x000000070bd00000, 0x000000070be00000|  0%| F|  |TAMS 0x000000070bd00000, 0x000000070bd00000| Untracked 
| 168|0x000000070be00000, 0x000000070be00000, 0x000000070bf00000|  0%| F|  |TAMS 0x000000070be00000, 0x000000070be00000| Untracked 
| 169|0x000000070bf00000, 0x000000070bf00000, 0x000000070c000000|  0%| F|  |TAMS 0x000000070bf00000, 0x000000070bf00000| Untracked 
| 170|0x000000070c000000, 0x000000070c000000, 0x000000070c100000|  0%| F|  |TAMS 0x000000070c000000, 0x000000070c000000| Untracked 
| 171|0x000000070c100000, 0x000000070c100000, 0x000000070c200000|  0%| F|  |TAMS 0x000000070c100000, 0x000000070c100000| Untracked 
| 172|0x000000070c200000, 0x000000070c200000, 0x000000070c300000|  0%| F|  |TAMS 0x000000070c200000, 0x000000070c200000| Untracked 
| 173|0x000000070c300000, 0x000000070c300000, 0x000000070c400000|  0%| F|  |TAMS 0x000000070c300000, 0x000000070c300000| Untracked 
| 174|0x000000070c400000, 0x000000070c400000, 0x000000070c500000|  0%| F|  |TAMS 0x000000070c400000, 0x000000070c400000| Untracked 
| 175|0x000000070c500000, 0x000000070c500000, 0x000000070c600000|  0%| F|  |TAMS 0x000000070c500000, 0x000000070c500000| Untracked 
| 176|0x000000070c600000, 0x000000070c600000, 0x000000070c700000|  0%| F|  |TAMS 0x000000070c600000, 0x000000070c600000| Untracked 
| 177|0x000000070c700000, 0x000000070c700000, 0x000000070c800000|  0%| F|  |TAMS 0x000000070c700000, 0x000000070c700000| Untracked 
| 178|0x000000070c800000, 0x000000070c800000, 0x000000070c900000|  0%| F|  |TAMS 0x000000070c800000, 0x000000070c800000| Untracked 
| 179|0x000000070c900000, 0x000000070c900000, 0x000000070ca00000|  0%| F|  |TAMS 0x000000070c900000, 0x000000070c900000| Untracked 
| 180|0x000000070ca00000, 0x000000070ca00000, 0x000000070cb00000|  0%| F|  |TAMS 0x000000070ca00000, 0x000000070ca00000| Untracked 
| 181|0x000000070cb00000, 0x000000070cb00000, 0x000000070cc00000|  0%| F|  |TAMS 0x000000070cb00000, 0x000000070cb00000| Untracked 
| 182|0x000000070cc00000, 0x000000070cc00000, 0x000000070cd00000|  0%| F|  |TAMS 0x000000070cc00000, 0x000000070cc00000| Untracked 
| 183|0x000000070cd00000, 0x000000070cd00000, 0x000000070ce00000|  0%| F|  |TAMS 0x000000070cd00000, 0x000000070cd00000| Untracked 
| 184|0x000000070ce00000, 0x000000070ce00000, 0x000000070cf00000|  0%| F|  |TAMS 0x000000070ce00000, 0x000000070ce00000| Untracked 
| 185|0x000000070cf00000, 0x000000070cf00000, 0x000000070d000000|  0%| F|  |TAMS 0x000000070cf00000, 0x000000070cf00000| Untracked 
| 186|0x000000070d000000, 0x000000070d000000, 0x000000070d100000|  0%| F|  |TAMS 0x000000070d000000, 0x000000070d000000| Untracked 
| 187|0x000000070d100000, 0x000000070d100000, 0x000000070d200000|  0%| F|  |TAMS 0x000000070d100000, 0x000000070d100000| Untracked 
| 188|0x000000070d200000, 0x000000070d200000, 0x000000070d300000|  0%| F|  |TAMS 0x000000070d200000, 0x000000070d200000| Untracked 
| 189|0x000000070d300000, 0x000000070d300000, 0x000000070d400000|  0%| F|  |TAMS 0x000000070d300000, 0x000000070d300000| Untracked 
| 190|0x000000070d400000, 0x000000070d400000, 0x000000070d500000|  0%| F|  |TAMS 0x000000070d400000, 0x000000070d400000| Untracked 
| 191|0x000000070d500000, 0x000000070d500000, 0x000000070d600000|  0%| F|  |TAMS 0x000000070d500000, 0x000000070d500000| Untracked 
| 192|0x000000070d600000, 0x000000070d600000, 0x000000070d700000|  0%| F|  |TAMS 0x000000070d600000, 0x000000070d600000| Untracked 
| 193|0x000000070d700000, 0x000000070d700000, 0x000000070d800000|  0%| F|  |TAMS 0x000000070d700000, 0x000000070d700000| Untracked 
| 194|0x000000070d800000, 0x000000070d800000, 0x000000070d900000|  0%| F|  |TAMS 0x000000070d800000, 0x000000070d800000| Untracked 
| 195|0x000000070d900000, 0x000000070d900000, 0x000000070da00000|  0%| F|  |TAMS 0x000000070d900000, 0x000000070d900000| Untracked 
| 196|0x000000070da00000, 0x000000070da00000, 0x000000070db00000|  0%| F|  |TAMS 0x000000070da00000, 0x000000070da00000| Untracked 
| 197|0x000000070db00000, 0x000000070db00000, 0x000000070dc00000|  0%| F|  |TAMS 0x000000070db00000, 0x000000070db00000| Untracked 
| 198|0x000000070dc00000, 0x000000070dc00000, 0x000000070dd00000|  0%| F|  |TAMS 0x000000070dc00000, 0x000000070dc00000| Untracked 
| 199|0x000000070dd00000, 0x000000070dd00000, 0x000000070de00000|  0%| F|  |TAMS 0x000000070dd00000, 0x000000070dd00000| Untracked 
| 200|0x000000070de00000, 0x000000070de00000, 0x000000070df00000|  0%| F|  |TAMS 0x000000070de00000, 0x000000070de00000| Untracked 
| 201|0x000000070df00000, 0x000000070df00000, 0x000000070e000000|  0%| F|  |TAMS 0x000000070df00000, 0x000000070df00000| Untracked 
| 202|0x000000070e000000, 0x000000070e000000, 0x000000070e100000|  0%| F|  |TAMS 0x000000070e000000, 0x000000070e000000| Untracked 
| 203|0x000000070e100000, 0x000000070e100000, 0x000000070e200000|  0%| F|  |TAMS 0x000000070e100000, 0x000000070e100000| Untracked 
| 204|0x000000070e200000, 0x000000070e200000, 0x000000070e300000|  0%| F|  |TAMS 0x000000070e200000, 0x000000070e200000| Untracked 
| 205|0x000000070e300000, 0x000000070e300000, 0x000000070e400000|  0%| F|  |TAMS 0x000000070e300000, 0x000000070e300000| Untracked 
| 206|0x000000070e400000, 0x000000070e400000, 0x000000070e500000|  0%| F|  |TAMS 0x000000070e400000, 0x000000070e400000| Untracked 
| 207|0x000000070e500000, 0x000000070e500000, 0x000000070e600000|  0%| F|  |TAMS 0x000000070e500000, 0x000000070e500000| Untracked 
| 208|0x000000070e600000, 0x000000070e600000, 0x000000070e700000|  0%| F|  |TAMS 0x000000070e600000, 0x000000070e600000| Untracked 
| 209|0x000000070e700000, 0x000000070e700000, 0x000000070e800000|  0%| F|  |TAMS 0x000000070e700000, 0x000000070e700000| Untracked 
| 210|0x000000070e800000, 0x000000070e800000, 0x000000070e900000|  0%| F|  |TAMS 0x000000070e800000, 0x000000070e800000| Untracked 
| 211|0x000000070e900000, 0x000000070e900000, 0x000000070ea00000|  0%| F|  |TAMS 0x000000070e900000, 0x000000070e900000| Untracked 
| 212|0x000000070ea00000, 0x000000070ea00000, 0x000000070eb00000|  0%| F|  |TAMS 0x000000070ea00000, 0x000000070ea00000| Untracked 
| 213|0x000000070eb00000, 0x000000070eb00000, 0x000000070ec00000|  0%| F|  |TAMS 0x000000070eb00000, 0x000000070eb00000| Untracked 
| 214|0x000000070ec00000, 0x000000070ec00000, 0x000000070ed00000|  0%| F|  |TAMS 0x000000070ec00000, 0x000000070ec00000| Untracked 
| 215|0x000000070ed00000, 0x000000070ed00000, 0x000000070ee00000|  0%| F|  |TAMS 0x000000070ed00000, 0x000000070ed00000| Untracked 
| 216|0x000000070ee00000, 0x000000070ee00000, 0x000000070ef00000|  0%| F|  |TAMS 0x000000070ee00000, 0x000000070ee00000| Untracked 
| 217|0x000000070ef00000, 0x000000070ef00000, 0x000000070f000000|  0%| F|  |TAMS 0x000000070ef00000, 0x000000070ef00000| Untracked 
| 218|0x000000070f000000, 0x000000070f000000, 0x000000070f100000|  0%| F|  |TAMS 0x000000070f000000, 0x000000070f000000| Untracked 
| 219|0x000000070f100000, 0x000000070f100000, 0x000000070f200000|  0%| F|  |TAMS 0x000000070f100000, 0x000000070f100000| Untracked 
| 220|0x000000070f200000, 0x000000070f200000, 0x000000070f300000|  0%| F|  |TAMS 0x000000070f200000, 0x000000070f200000| Untracked 
| 221|0x000000070f300000, 0x000000070f300000, 0x000000070f400000|  0%| F|  |TAMS 0x000000070f300000, 0x000000070f300000| Untracked 
| 222|0x000000070f400000, 0x000000070f400000, 0x000000070f500000|  0%| F|  |TAMS 0x000000070f400000, 0x000000070f400000| Untracked 
| 223|0x000000070f500000, 0x000000070f500000, 0x000000070f600000|  0%| F|  |TAMS 0x000000070f500000, 0x000000070f500000| Untracked 
| 224|0x000000070f600000, 0x000000070f600000, 0x000000070f700000|  0%| F|  |TAMS 0x000000070f600000, 0x000000070f600000| Untracked 
| 225|0x000000070f700000, 0x000000070f700000, 0x000000070f800000|  0%| F|  |TAMS 0x000000070f700000, 0x000000070f700000| Untracked 
| 226|0x000000070f800000, 0x000000070f800000, 0x000000070f900000|  0%| F|  |TAMS 0x000000070f800000, 0x000000070f800000| Untracked 
| 227|0x000000070f900000, 0x000000070f900000, 0x000000070fa00000|  0%| F|  |TAMS 0x000000070f900000, 0x000000070f900000| Untracked 
| 228|0x000000070fa00000, 0x000000070fa00000, 0x000000070fb00000|  0%| F|  |TAMS 0x000000070fa00000, 0x000000070fa00000| Untracked 
| 229|0x000000070fb00000, 0x000000070fb00000, 0x000000070fc00000|  0%| F|  |TAMS 0x000000070fb00000, 0x000000070fb00000| Untracked 
| 230|0x000000070fc00000, 0x000000070fc00000, 0x000000070fd00000|  0%| F|  |TAMS 0x000000070fc00000, 0x000000070fc00000| Untracked 
| 231|0x000000070fd00000, 0x000000070fd00000, 0x000000070fe00000|  0%| F|  |TAMS 0x000000070fd00000, 0x000000070fd00000| Untracked 
| 232|0x000000070fe00000, 0x000000070fe00000, 0x000000070ff00000|  0%| F|  |TAMS 0x000000070fe00000, 0x000000070fe00000| Untracked 
| 233|0x000000070ff00000, 0x000000070ff00000, 0x0000000710000000|  0%| F|  |TAMS 0x000000070ff00000, 0x000000070ff00000| Untracked 
| 234|0x0000000710000000, 0x0000000710000000, 0x0000000710100000|  0%| F|  |TAMS 0x0000000710000000, 0x0000000710000000| Untracked 
| 235|0x0000000710100000, 0x0000000710100000, 0x0000000710200000|  0%| F|  |TAMS 0x0000000710100000, 0x0000000710100000| Untracked 
| 236|0x0000000710200000, 0x0000000710200000, 0x0000000710300000|  0%| F|  |TAMS 0x0000000710200000, 0x0000000710200000| Untracked 
| 237|0x0000000710300000, 0x0000000710300000, 0x0000000710400000|  0%| F|  |TAMS 0x0000000710300000, 0x0000000710300000| Untracked 
| 238|0x0000000710400000, 0x0000000710400000, 0x0000000710500000|  0%| F|  |TAMS 0x0000000710400000, 0x0000000710400000| Untracked 
| 239|0x0000000710500000, 0x0000000710500000, 0x0000000710600000|  0%| F|  |TAMS 0x0000000710500000, 0x0000000710500000| Untracked 
| 240|0x0000000710600000, 0x0000000710600000, 0x0000000710700000|  0%| F|  |TAMS 0x0000000710600000, 0x0000000710600000| Untracked 
| 241|0x0000000710700000, 0x0000000710700000, 0x0000000710800000|  0%| F|  |TAMS 0x0000000710700000, 0x0000000710700000| Untracked 
| 242|0x0000000710800000, 0x0000000710800000, 0x0000000710900000|  0%| F|  |TAMS 0x0000000710800000, 0x0000000710800000| Untracked 
| 243|0x0000000710900000, 0x0000000710900000, 0x0000000710a00000|  0%| F|  |TAMS 0x0000000710900000, 0x0000000710900000| Untracked 
| 244|0x0000000710a00000, 0x0000000710a00000, 0x0000000710b00000|  0%| F|  |TAMS 0x0000000710a00000, 0x0000000710a00000| Untracked 
| 245|0x0000000710b00000, 0x0000000710b00000, 0x0000000710c00000|  0%| F|  |TAMS 0x0000000710b00000, 0x0000000710b00000| Untracked 
| 246|0x0000000710c00000, 0x0000000710c00000, 0x0000000710d00000|  0%| F|  |TAMS 0x0000000710c00000, 0x0000000710c00000| Untracked 
| 247|0x0000000710d00000, 0x0000000710d00000, 0x0000000710e00000|  0%| F|  |TAMS 0x0000000710d00000, 0x0000000710d00000| Untracked 
| 248|0x0000000710e00000, 0x0000000710e00000, 0x0000000710f00000|  0%| F|  |TAMS 0x0000000710e00000, 0x0000000710e00000| Untracked 
| 249|0x0000000710f00000, 0x0000000710f00000, 0x0000000711000000|  0%| F|  |TAMS 0x0000000710f00000, 0x0000000710f00000| Untracked 
| 250|0x0000000711000000, 0x0000000711000000, 0x0000000711100000|  0%| F|  |TAMS 0x0000000711000000, 0x0000000711000000| Untracked 
| 251|0x0000000711100000, 0x00000007111f0918, 0x0000000711200000| 93%| E|  |TAMS 0x0000000711100000, 0x0000000711100000| Complete 
| 252|0x0000000711200000, 0x0000000711300000, 0x0000000711300000|100%| E|CS|TAMS 0x0000000711200000, 0x0000000711200000| Complete 
| 253|0x0000000711300000, 0x0000000711400000, 0x0000000711400000|100%| E|CS|TAMS 0x0000000711300000, 0x0000000711300000| Complete 
| 254|0x0000000711400000, 0x0000000711500000, 0x0000000711500000|100%| E|CS|TAMS 0x0000000711400000, 0x0000000711400000| Complete 
| 255|0x0000000711500000, 0x0000000711600000, 0x0000000711600000|100%| E|CS|TAMS 0x0000000711500000, 0x0000000711500000| Complete 

Card table byte_map: [0x00000186ef580000,0x00000186efd80000] _byte_map_base: 0x00000186ebd75000

Marking Bits (Prev, Next): (CMBitMap*) 0x00000186d9eeaf48, (CMBitMap*) 0x00000186d9eeaf88
 Prev Bits: [0x00000186f0580000, 0x00000186f4528000)
 Next Bits: [0x00000186f4530000, 0x00000186f84d8000)

Polling page: 0x00000186df2f0000

Metaspace:

Usage:
  Non-class:      8.52 MB capacity,     8.46 MB (>99%) used,    55.07 KB ( <1%) free+waste,     8.56 KB ( <1%) overhead. 
      Class:    912.00 KB capacity,   862.63 KB ( 95%) used,    45.88 KB (  5%) free+waste,     3.50 KB ( <1%) overhead. 
       Both:      9.42 MB capacity,     9.30 MB ( 99%) used,   100.95 KB (  1%) free+waste,    12.06 KB ( <1%) overhead. 

Virtual space:
  Non-class space:       10.00 MB reserved,       8.75 MB ( 88%) committed 
      Class space:        1.00 GB reserved,       1.00 MB ( <1%) committed 
             Both:        1.01 GB reserved,       9.75 MB ( <1%) committed 

Chunk freelists:
   Non-Class:  39.00 KB
       Class:  16.00 KB
        Both:  55.00 KB

MaxMetaspaceSize: 17179869184.00 GB
CompressedClassSpaceSize: 1.00 GB

CodeHeap 'non-profiled nmethods': size=120000Kb used=123Kb max_used=123Kb free=119876Kb
 bounds [0x00000186e6de0000, 0x00000186e7050000, 0x00000186ee310000]
CodeHeap 'profiled nmethods': size=120000Kb used=613Kb max_used=613Kb free=119386Kb
 bounds [0x00000186df8b0000, 0x00000186dfb20000, 0x00000186e6de0000]
CodeHeap 'non-nmethods': size=5760Kb used=1231Kb max_used=1247Kb free=4528Kb
 bounds [0x00000186df310000, 0x00000186df580000, 0x00000186df8b0000]
 total_blobs=804 nmethods=412 adapters=305
 compilation: enabled
              stopped_count=0, restarted_count=0
 full_count=0

Compilation events (20 events):
Event: 0.591 Thread 0x00000186fb9b6000 nmethod 402 0x00000186e6dfd390 code [0x00000186e6dfd520, 0x00000186e6dfd5d8]
Event: 0.591 Thread 0x00000186fb9b6000  403       1       java.security.Provider$Service::getProvider (5 bytes)
Event: 0.591 Thread 0x00000186fb9b6000 nmethod 403 0x00000186e6dfd690 code [0x00000186e6dfd820, 0x00000186e6dfd8d8]
Event: 0.598 Thread 0x00000186fb9b6000  405       3       java.lang.StringConcatHelper::stringOf (20 bytes)
Event: 0.598 Thread 0x00000186fb9b6000 nmethod 405 0x00000186df945310 code [0x00000186df9454c0, 0x00000186df945708]
Event: 0.598 Thread 0x00000186fb9b6000  406       3       java.lang.StringConcatHelper::mix (27 bytes)
Event: 0.599 Thread 0x00000186fb9b6000 nmethod 406 0x00000186df945810 code [0x00000186df945a00, 0x00000186df945e28]
Event: 0.599 Thread 0x00000186fb9b6000  407       3       sun.security.x509.X509CertImpl::getEncodedInternal (22 bytes)
Event: 0.599 Thread 0x00000186fb9b6000 nmethod 407 0x00000186df946010 code [0x00000186df9461c0, 0x00000186df946388]
Event: 0.600 Thread 0x00000186fb9b4000 nmethod 392 0x00000186e6dfdd90 code [0x00000186e6dfdfa0, 0x00000186e6dfecb8]
Event: 0.601 Thread 0x00000186fb9b6000  408   !   3       java.security.cert.Certificate::equals (38 bytes)
Event: 0.602 Thread 0x00000186fb9b6000 nmethod 408 0x00000186df946490 code [0x00000186df946700, 0x00000186df9474c8]
Event: 0.602 Thread 0x00000186fb9b6000  409       3       sun.security.x509.X509CertImpl::getEncodedInternal (20 bytes)
Event: 0.602 Thread 0x00000186fb9b6000 nmethod 409 0x00000186df947990 code [0x00000186df947b80, 0x00000186df9480d8]
Event: 0.603 Thread 0x00000186fb9b6000  410       3       java.util.ArrayList::<init> (12 bytes)
Event: 0.603 Thread 0x00000186fb9b6000 nmethod 410 0x00000186df948290 code [0x00000186df948440, 0x00000186df9486d8]
Event: 416.244 Thread 0x00000186fb9b6000  411       3       org.eclipse.jdt.launching.internal.org.objectweb.asm.ClassReader::readUnsignedShort (26 bytes)
Event: 416.244 Thread 0x00000186fb9b6000 nmethod 411 0x00000186df948810 code [0x00000186df9489a0, 0x00000186df948b18]
Event: 447.783 Thread 0x00000186fb9b6000  412       3       org.eclipse.jdt.launching.internal.org.objectweb.asm.ClassReader::readUtf (44 bytes)
Event: 447.783 Thread 0x00000186fb9b6000 nmethod 412 0x00000186df948c10 code [0x00000186df948de0, 0x00000186df9492a8]

GC Heap History (0 events):
No events

Deoptimization events (20 events):
Event: 0.582 Thread 0x00000186d9e83800 DEOPT PACKING pc=0x00000186df9347ed sp=0x0000007927cf8a70
Event: 0.582 Thread 0x00000186d9e83800 DEOPT UNPACKING pc=0x00000186df35964e sp=0x0000007927cf7f38 mode 0
Event: 0.582 Thread 0x00000186d9e83800 DEOPT PACKING pc=0x00000186df9347ed sp=0x0000007927cf8a70
Event: 0.582 Thread 0x00000186d9e83800 DEOPT UNPACKING pc=0x00000186df35964e sp=0x0000007927cf7f38 mode 0
Event: 0.584 Thread 0x00000186d9e83800 DEOPT PACKING pc=0x00000186df9347ed sp=0x0000007927cf8a70
Event: 0.584 Thread 0x00000186d9e83800 DEOPT UNPACKING pc=0x00000186df35964e sp=0x0000007927cf7f38 mode 0
Event: 0.584 Thread 0x00000186d9e83800 DEOPT PACKING pc=0x00000186df9347ed sp=0x0000007927cf8a70
Event: 0.584 Thread 0x00000186d9e83800 DEOPT UNPACKING pc=0x00000186df35964e sp=0x0000007927cf7f38 mode 0
Event: 0.584 Thread 0x00000186d9e83800 DEOPT PACKING pc=0x00000186df9347ed sp=0x0000007927cf8a70
Event: 0.584 Thread 0x00000186d9e83800 DEOPT UNPACKING pc=0x00000186df35964e sp=0x0000007927cf7f38 mode 0
Event: 0.585 Thread 0x00000186d9e83800 DEOPT PACKING pc=0x00000186df9347ed sp=0x0000007927cf8a70
Event: 0.585 Thread 0x00000186d9e83800 DEOPT UNPACKING pc=0x00000186df35964e sp=0x0000007927cf7f38 mode 0
Event: 0.589 Thread 0x00000186d9e83800 DEOPT PACKING pc=0x00000186df9347ed sp=0x0000007927cfc550
Event: 0.589 Thread 0x00000186d9e83800 DEOPT UNPACKING pc=0x00000186df35964e sp=0x0000007927cfba18 mode 0
Event: 0.589 Thread 0x00000186d9e83800 DEOPT PACKING pc=0x00000186df9347ed sp=0x0000007927cfc550
Event: 0.589 Thread 0x00000186d9e83800 DEOPT UNPACKING pc=0x00000186df35964e sp=0x0000007927cfba18 mode 0
Event: 0.589 Thread 0x00000186d9e83800 DEOPT PACKING pc=0x00000186df9347ed sp=0x0000007927cfc550
Event: 0.589 Thread 0x00000186d9e83800 DEOPT UNPACKING pc=0x00000186df35964e sp=0x0000007927cfba18 mode 0
Event: 0.591 Thread 0x00000186d9e83800 DEOPT PACKING pc=0x00000186df9347ed sp=0x0000007927cf89f0
Event: 0.591 Thread 0x00000186d9e83800 DEOPT UNPACKING pc=0x00000186df35964e sp=0x0000007927cf7eb8 mode 0

Classes unloaded (0 events):
No events

Classes redefined (3 events):
Event: 46.506 Thread 0x00000186fb08d800 redefined class name=com.ipartek.ejercicios.Excepciones.Ejercicio4, count=1
Event: 252.894 Thread 0x00000186fb08d800 redefined class name=com.ipartek.ejercicios.Excepciones.Ejercicio4, count=2
Event: 416.247 Thread 0x00000186fb08d800 redefined class name=com.ipartek.ejercicios.Excepciones.Ejercicio4, count=3

Internal exceptions (3 events):
Event: 0.232 Thread 0x00000186d9e83800 Exception <a 'java/lang/NoSuchMethodError'{0x00000007115aa508}: 'int java.lang.invoke.DirectMethodHandle$Holder.invokeSpecial(java.lang.Object, java.lang.Object, java.lang.Object, java.lang.Object)'> (0x00000007115aa508) 
thrown [./open/src/hotspot/share/interpreter/linkResolver.cpp, line 766]
Event: 0.237 Thread 0x00000186d9e83800 Exception <a 'java/lang/NoSuchMethodError'{0x00000007115b2700}: 'void java.lang.invoke.DirectMethodHandle$Holder.invokeVirtual(java.lang.Object, java.lang.Object)'> (0x00000007115b2700) 
thrown [./open/src/hotspot/share/interpreter/linkResolver.cpp, line 766]
Event: 0.268 Thread 0x00000186d9e83800 Exception <a 'java/lang/NoSuchMethodError'{0x000000071140b100}: 'void java.lang.invoke.DirectMethodHandle$Holder.invokeSpecial(java.lang.Object, java.lang.Object, java.lang.Object, java.lang.Object)'> (0x000000071140b100) 
thrown [./open/src/hotspot/share/interpreter/linkResolver.cpp, line 766]

Events (20 events):
Event: 252.997 Executing VM operation: GetFrameCount done
Event: 252.997 Executing VM operation: GetOwnedMonitorInfo
Event: 252.997 Executing VM operation: GetOwnedMonitorInfo done
Event: 252.997 Executing VM operation: GetCurrentContendedMonitor
Event: 252.997 Executing VM operation: GetCurrentContendedMonitor done
Event: 416.245 Executing VM operation: RedefineClasses
Event: 416.249 Executing VM operation: RedefineClasses done
Event: 416.255 Executing VM operation: ChangeBreakpoints
Event: 416.255 Executing VM operation: ChangeBreakpoints done
Event: 416.257 Executing VM operation: GetFrameCount
Event: 416.257 Executing VM operation: GetFrameCount done
Event: 416.257 Executing VM operation: GetStackTrace
Event: 416.257 Executing VM operation: GetStackTrace done
Event: 416.494 Executing VM operation: GetFrameCount
Event: 416.494 Executing VM operation: GetFrameCount done
Event: 416.495 Executing VM operation: GetOwnedMonitorInfo
Event: 416.495 Executing VM operation: GetOwnedMonitorInfo done
Event: 416.495 Executing VM operation: GetCurrentContendedMonitor
Event: 416.495 Executing VM operation: GetCurrentContendedMonitor done
Event: 447.783 Executing VM operation: RedefineClasses


Dynamic libraries:
0x00007ff6413f0000 - 0x00007ff6413fd000 	C:\Users\Leshou\.p2\pool\plugins\org.eclipse.justj.openjdk.hotspot.jre.full.win32.x86_64_14.0.2.v20200815-0932\jre\bin\javaw.exe
0x00007fff2e2e0000 - 0x00007fff2e4d0000 	C:\WINDOWS\SYSTEM32\ntdll.dll
0x00007ffef6b70000 - 0x00007ffef6b82000 	C:\Program Files (x86)\AVG\Antivirus\aswhook.dll
0x00007fff2d350000 - 0x00007fff2d402000 	C:\WINDOWS\System32\KERNEL32.DLL
0x00007fff2c0c0000 - 0x00007fff2c365000 	C:\WINDOWS\System32\KERNELBASE.dll
0x00007fff2b540000 - 0x00007fff2b63a000 	C:\WINDOWS\System32\ucrtbase.dll
0x00007fff27ef0000 - 0x00007fff27f08000 	C:\Users\Leshou\.p2\pool\plugins\org.eclipse.justj.openjdk.hotspot.jre.full.win32.x86_64_14.0.2.v20200815-0932\jre\bin\jli.dll
0x00007fff2d130000 - 0x00007fff2d2c4000 	C:\WINDOWS\System32\USER32.dll
0x00007fff2b910000 - 0x00007fff2b931000 	C:\WINDOWS\System32\win32u.dll
0x00007fff2c7e0000 - 0x00007fff2c806000 	C:\WINDOWS\System32\GDI32.dll
0x00007fff2b2f0000 - 0x00007fff2b486000 	C:\WINDOWS\System32\gdi32full.dll
0x00007fff2b720000 - 0x00007fff2b7be000 	C:\WINDOWS\System32\msvcp_win.dll
0x00007fff270b0000 - 0x00007fff270c5000 	C:\Users\Leshou\.p2\pool\plugins\org.eclipse.justj.openjdk.hotspot.jre.full.win32.x86_64_14.0.2.v20200815-0932\jre\bin\VCRUNTIME140.dll
0x00007fff17d10000 - 0x00007fff17f94000 	C:\WINDOWS\WinSxS\amd64_microsoft.windows.common-controls_6595b64144ccf1df_6.0.18362.1139_none_9e7bf2d3e4605ac6\COMCTL32.dll
0x00007fff2c420000 - 0x00007fff2c4be000 	C:\WINDOWS\System32\msvcrt.dll
0x00007fff2cdf0000 - 0x00007fff2d125000 	C:\WINDOWS\System32\combase.dll
0x00007fff2c660000 - 0x00007fff2c780000 	C:\WINDOWS\System32\RPCRT4.dll
0x00007fff2b6a0000 - 0x00007fff2b720000 	C:\WINDOWS\System32\bcryptPrimitives.dll
0x00007fff2c810000 - 0x00007fff2c83e000 	C:\WINDOWS\System32\IMM32.DLL
0x00007fff10520000 - 0x00007fff105bb000 	C:\Users\Leshou\.p2\pool\plugins\org.eclipse.justj.openjdk.hotspot.jre.full.win32.x86_64_14.0.2.v20200815-0932\jre\bin\msvcp140.dll
0x00007fff05940000 - 0x00007fff0645e000 	C:\Users\Leshou\.p2\pool\plugins\org.eclipse.justj.openjdk.hotspot.jre.full.win32.x86_64_14.0.2.v20200815-0932\jre\bin\server\jvm.dll
0x00007fff2e020000 - 0x00007fff2e0c3000 	C:\WINDOWS\System32\ADVAPI32.dll
0x00007fff2d470000 - 0x00007fff2d507000 	C:\WINDOWS\System32\sechost.dll
0x00007fff2c410000 - 0x00007fff2c418000 	C:\WINDOWS\System32\PSAPI.DLL
0x00007fff1c080000 - 0x00007fff1c089000 	C:\WINDOWS\SYSTEM32\WSOCK32.dll
0x00007fff2cd70000 - 0x00007fff2cddf000 	C:\WINDOWS\System32\WS2_32.dll
0x00007fff27b90000 - 0x00007fff27bb4000 	C:\WINDOWS\SYSTEM32\WINMM.dll
0x00007fff208f0000 - 0x00007fff208fa000 	C:\WINDOWS\SYSTEM32\VERSION.dll
0x00007fff27b60000 - 0x00007fff27b8d000 	C:\WINDOWS\SYSTEM32\WINMMBASE.dll
0x00007fff2b270000 - 0x00007fff2b2ba000 	C:\WINDOWS\System32\cfgmgr32.dll
0x00007fff2b200000 - 0x00007fff2b211000 	C:\WINDOWS\System32\kernel.appcore.dll
0x00007fff27e60000 - 0x00007fff27e6a000 	C:\Users\Leshou\.p2\pool\plugins\org.eclipse.justj.openjdk.hotspot.jre.full.win32.x86_64_14.0.2.v20200815-0932\jre\bin\jimage.dll
0x00007fff1fe30000 - 0x00007fff20024000 	C:\WINDOWS\SYSTEM32\DBGHELP.DLL
0x00007fff1fdd0000 - 0x00007fff1fdfa000 	C:\WINDOWS\SYSTEM32\dbgcore.DLL
0x00007fff1cc10000 - 0x00007fff1cc48000 	C:\Users\Leshou\.p2\pool\plugins\org.eclipse.justj.openjdk.hotspot.jre.full.win32.x86_64_14.0.2.v20200815-0932\jre\bin\jdwp.dll
0x00007fff27c60000 - 0x00007fff27c85000 	C:\Users\Leshou\.p2\pool\plugins\org.eclipse.justj.openjdk.hotspot.jre.full.win32.x86_64_14.0.2.v20200815-0932\jre\bin\java.dll
0x00007fff26b90000 - 0x00007fff26b9e000 	C:\Users\Leshou\.p2\pool\plugins\org.eclipse.justj.openjdk.hotspot.jre.full.win32.x86_64_14.0.2.v20200815-0932\jre\bin\instrument.dll
0x00007fff27c40000 - 0x00007fff27c56000 	C:\Users\Leshou\.p2\pool\plugins\org.eclipse.justj.openjdk.hotspot.jre.full.win32.x86_64_14.0.2.v20200815-0932\jre\bin\zip.dll
0x00007fff2d860000 - 0x00007fff2df47000 	C:\WINDOWS\System32\SHELL32.dll
0x00007fff2d530000 - 0x00007fff2d5d9000 	C:\WINDOWS\System32\shcore.dll
0x00007fff2b940000 - 0x00007fff2c0c0000 	C:\WINDOWS\System32\windows.storage.dll
0x00007fff2b1d0000 - 0x00007fff2b1f3000 	C:\WINDOWS\System32\profapi.dll
0x00007fff2b220000 - 0x00007fff2b26a000 	C:\WINDOWS\System32\powrprof.dll
0x00007fff2b1a0000 - 0x00007fff2b1b0000 	C:\WINDOWS\System32\UMPDC.dll
0x00007fff2c4c0000 - 0x00007fff2c512000 	C:\WINDOWS\System32\shlwapi.dll
0x00007fff2c370000 - 0x00007fff2c387000 	C:\WINDOWS\System32\cryptsp.dll
0x00007fff25a30000 - 0x00007fff25a49000 	C:\Users\Leshou\.p2\pool\plugins\org.eclipse.justj.openjdk.hotspot.jre.full.win32.x86_64_14.0.2.v20200815-0932\jre\bin\net.dll
0x00007fff21240000 - 0x00007fff21330000 	C:\WINDOWS\SYSTEM32\WINHTTP.dll
0x00007fff2a9f0000 - 0x00007fff2aa57000 	C:\WINDOWS\system32\mswsock.dll
0x00007fff23a10000 - 0x00007fff23a22000 	C:\Users\Leshou\.p2\pool\plugins\org.eclipse.justj.openjdk.hotspot.jre.full.win32.x86_64_14.0.2.v20200815-0932\jre\bin\nio.dll
0x00007fff211a0000 - 0x00007fff211ab000 	C:\Users\Leshou\.p2\pool\plugins\org.eclipse.justj.openjdk.hotspot.jre.full.win32.x86_64_14.0.2.v20200815-0932\jre\bin\dt_socket.dll
0x00007fff2a700000 - 0x00007fff2a73a000 	C:\WINDOWS\SYSTEM32\IPHLPAPI.DLL
0x00007fff2a750000 - 0x00007fff2a81b000 	C:\WINDOWS\SYSTEM32\DNSAPI.dll
0x00007fff2c840000 - 0x00007fff2c848000 	C:\WINDOWS\System32\NSI.dll
0x00007fff23ae0000 - 0x00007fff23aea000 	C:\Windows\System32\rasadhlp.dll
0x00007fff21470000 - 0x00007fff214e7000 	C:\WINDOWS\System32\fwpuclnt.dll
0x00007fff2b2c0000 - 0x00007fff2b2e6000 	C:\WINDOWS\System32\bcrypt.dll
0x00007fff27e50000 - 0x00007fff27e60000 	C:\Users\Leshou\.p2\pool\plugins\org.eclipse.justj.openjdk.hotspot.jre.full.win32.x86_64_14.0.2.v20200815-0932\jre\bin\verify.dll

dbghelp: loaded successfully - version: 4.0.5 - missing functions: none
symbol engine: initialized successfully - sym options: 0x614 - pdb path: .;C:\Users\Leshou\.p2\pool\plugins\org.eclipse.justj.openjdk.hotspot.jre.full.win32.x86_64_14.0.2.v20200815-0932\jre\bin;C:\WINDOWS\SYSTEM32;C:\Program Files (x86)\AVG\Antivirus;C:\WINDOWS\WinSxS\amd64_microsoft.windows.common-controls_6595b64144ccf1df_6.0.18362.1139_none_9e7bf2d3e4605ac6;C:\Users\Leshou\.p2\pool\plugins\org.eclipse.justj.openjdk.hotspot.jre.full.win32.x86_64_14.0.2.v20200815-0932\jre\bin\server

VM Arguments:
jvm_args: -XX:+ShowCodeDetailsInExceptionMessages -agentlib:jdwp=transport=dt_socket,suspend=y,address=localhost:62618 -javaagent:D:\PROGRAMAS INSTALADOS\jee-2020-092\eclipse\configuration\org.eclipse.osgi\406\0\.cp\lib\javaagent-shaded.jar -Dfile.encoding=Cp1252 --module-path=D:\PROGRAMAS INSTALADOS\jee-2020-092\Ejercicios\bin -Djdk.module.main=Ejercicios 
java_command: Ejercicios/com.ipartek.ejercicios.Excepciones.Ejercicio4
java_class_path (initial): <not set>
Launcher Type: SUN_STANDARD

[Global flags]
     intx CICompilerCount                          = 4                                         {product} {ergonomic}
     uint ConcGCThreads                            = 2                                         {product} {ergonomic}
     uint G1ConcRefinementThreads                  = 8                                         {product} {ergonomic}
   size_t G1HeapRegionSize                         = 1048576                                   {product} {ergonomic}
    uintx GCDrainStackTargetSize                   = 64                                        {product} {ergonomic}
   size_t InitialHeapSize                          = 268435456                                 {product} {ergonomic}
   size_t MarkStackSize                            = 4194304                                   {product} {ergonomic}
   size_t MaxHeapSize                              = 4271898624                                {product} {ergonomic}
   size_t MaxNewSize                               = 2562719744                                {product} {ergonomic}
   size_t MinHeapDeltaBytes                        = 1048576                                   {product} {ergonomic}
   size_t MinHeapSize                              = 8388608                                   {product} {ergonomic}
    uintx NonNMethodCodeHeapSize                   = 5839372                                {pd product} {ergonomic}
    uintx NonProfiledCodeHeapSize                  = 122909434                              {pd product} {ergonomic}
    uintx ProfiledCodeHeapSize                     = 122909434                              {pd product} {ergonomic}
    uintx ReservedCodeCacheSize                    = 251658240                              {pd product} {ergonomic}
     bool SegmentedCodeCache                       = true                                      {product} {ergonomic}
     bool ShowCodeDetailsInExceptionMessages       = true                                   {manageable} {command line}
   size_t SoftMaxHeapSize                          = 4271898624                             {manageable} {ergonomic}
     bool UseCompressedClassPointers               = true                                 {lp64_product} {ergonomic}
     bool UseCompressedOops                        = true                                 {lp64_product} {ergonomic}
     bool UseG1GC                                  = true                                      {product} {ergonomic}
     bool UseLargePagesIndividualAllocation        = false                                  {pd product} {ergonomic}

Logging:
Log output configuration:
 #0: stdout all=warning uptime,level,tags
 #1: stderr all=off uptime,level,tags

Environment Variables:
PATH=C:\Users\Leshou\.p2\pool\plugins\org.eclipse.justj.openjdk.hotspot.jre.full.win32.x86_64_14.0.2.v20200815-0932\jre\bin;C:/Users/Leshou/.p2/pool/plugins/org.eclipse.justj.openjdk.hotspot.jre.full.win32.x86_64_14.0.2.v20200815-0932/jre/bin/server;C:/Users/Leshou/.p2/pool/plugins/org.eclipse.justj.openjdk.hotspot.jre.full.win32.x86_64_14.0.2.v20200815-0932/jre/bin;D:\JAVAEE\JDK\bin;C:\ProgramData\Oracle\Java\javapath;C:\Program Files (x86)\Intel\iCLS Client\;C:\Program Files\Intel\iCLS Client\;C:\WINDOWS\system32;C:\WINDOWS;C:\WINDOWS\System32\Wbem;C:\WINDOWS\System32\WindowsPowerShell\v1.0\;C:\Program Files (x86)\Intel\Intel(R) Management Engine Components\DAL;C:\Program Files\Intel\Intel(R) Management Engine Components\DAL;C:\Program Files (x86)\Intel\Intel(R) Management Engine Components\IPT;C:\Program Files\Intel\Intel(R) Management Engine Components\IPT;C:\Program Files\Intel\WiFi\bin\;C:\Program Files\Common Files\Intel\WirelessCommon\;C:\Program Files (x86)\NVIDIA Corporation\PhysX\Common;C:\WINDOWS\System32\OpenSSH\;C:\Program Files\NVIDIA Corporation\NVIDIA NvDLISR;C:\WINDOWS\system32;C:\WINDOWS;C:\WINDOWS\System32\Wbem;C:\WINDOWS\System32\WindowsPowerShell\v1.0\;C:\WINDOWS\System32\OpenSSH\;D:\PROGRAMAS INSTALADOS\Insitu\;D:\PROGRAMAS INSTALADOS\Node\;C:\Program Files\AutoFirma\AutoFirma;C:\Program Files\Intel\WiFi\bin\;C:\Program Files\Common Files\Intel\WirelessCommon\;C:\Users\Leshou\AppData\Local\Microsoft\WindowsApps;;D:\PROGRAMAS INSTALADOS\Microsoft VS Code\bin;C:\Users\Leshou\AppData\Roaming\npm;C:\Users\Leshou\Desktop;
USERNAME=Leshou
OS=Windows_NT
PROCESSOR_IDENTIFIER=Intel64 Family 6 Model 94 Stepping 3, GenuineIntel



---------------  S Y S T E M  ---------------

OS: Windows 10 , 64 bit Build 18362 (10.0.18362.1110)
OS uptime: 0 days 6:09 hours

CPU:total 8 (initial active 8) (4 cores per cpu, 2 threads per core) family 6 model 94 stepping 3, cmov, cx8, fxsr, mmx, sse, sse2, sse3, ssse3, sse4.1, sse4.2, popcnt, avx, avx2, aes, clmul, erms, rtm, 3dnowpref, lzcnt, ht, tsc, tscinvbit, bmi1, bmi2, adx, fma

Memory: 4k page, system-wide physical 16289M (7548M free)
TotalPageFile size 17313M (AvailPageFile size 5343M)
current process WorkingSet (physical memory assigned to process): 47M, peak: 48M
current process commit charge ("private bytes"): 346M, peak: 347M

vm_info: OpenJDK 64-Bit Server VM (14.0.2+12-46) for windows-amd64 JRE (14.0.2+12-46), built on Jul  9 2020 00:31:16 by "mach5one" with MS VC++ 15.9 (VS2017)

END.
